        -:    0:Source:/usr/local/include/c++/5.3.0/bits/basic_string.h
        -:    0:Graph:Vector1.gcno
        -:    0:Data:Vector1.gcda
        -:    0:Runs:1
        -:    0:Programs:1
        -:    1:// Components for manipulating sequences of characters -*- C++ -*-
        -:    2:
        -:    3:// Copyright (C) 1997-2015 Free Software Foundation, Inc.
        -:    4://
        -:    5:// This file is part of the GNU ISO C++ Library.  This library is free
        -:    6:// software; you can redistribute it and/or modify it under the
        -:    7:// terms of the GNU General Public License as published by the
        -:    8:// Free Software Foundation; either version 3, or (at your option)
        -:    9:// any later version.
        -:   10:
        -:   11:// This library is distributed in the hope that it will be useful,
        -:   12:// but WITHOUT ANY WARRANTY; without even the implied warranty of
        -:   13:// MERCHANTABILITY or FITNESS FOR A PARTICULAR PURPOSE.  See the
        -:   14:// GNU General Public License for more details.
        -:   15:
        -:   16:// Under Section 7 of GPL version 3, you are granted additional
        -:   17:// permissions described in the GCC Runtime Library Exception, version
        -:   18:// 3.1, as published by the Free Software Foundation.
        -:   19:
        -:   20:// You should have received a copy of the GNU General Public License and
        -:   21:// a copy of the GCC Runtime Library Exception along with this program;
        -:   22:// see the files COPYING3 and COPYING.RUNTIME respectively.  If not, see
        -:   23:// <http://www.gnu.org/licenses/>.
        -:   24:
        -:   25:/** @file bits/basic_string.h
        -:   26: *  This is an internal header file, included by other library headers.
        -:   27: *  Do not attempt to use it directly. @headername{string}
        -:   28: */
        -:   29:
        -:   30://
        -:   31:// ISO C++ 14882: 21 Strings library
        -:   32://
        -:   33:
        -:   34:#ifndef _BASIC_STRING_H
        -:   35:#define _BASIC_STRING_H 1
        -:   36:
        -:   37:#pragma GCC system_header
        -:   38:
        -:   39:#include <ext/atomicity.h>
        -:   40:#include <ext/alloc_traits.h>
        -:   41:#include <debug/debug.h>
        -:   42:#if __cplusplus >= 201103L
        -:   43:#include <initializer_list>
        -:   44:#endif
        -:   45:
        -:   46:namespace std _GLIBCXX_VISIBILITY(default)
        -:   47:{
        -:   48:_GLIBCXX_BEGIN_NAMESPACE_VERSION
        -:   49:
        -:   50:#if _GLIBCXX_USE_CXX11_ABI
        -:   51:_GLIBCXX_BEGIN_NAMESPACE_CXX11
        -:   52:  /**
        -:   53:   *  @class basic_string basic_string.h <string>
        -:   54:   *  @brief  Managing sequences of characters and character-like objects.
        -:   55:   *
        -:   56:   *  @ingroup strings
        -:   57:   *  @ingroup sequences
        -:   58:   *
        -:   59:   *  @tparam _CharT  Type of character
        -:   60:   *  @tparam _Traits  Traits for character type, defaults to
        -:   61:   *                   char_traits<_CharT>.
        -:   62:   *  @tparam _Alloc  Allocator type, defaults to allocator<_CharT>.
        -:   63:   *
        -:   64:   *  Meets the requirements of a <a href="tables.html#65">container</a>, a
        -:   65:   *  <a href="tables.html#66">reversible container</a>, and a
        -:   66:   *  <a href="tables.html#67">sequence</a>.  Of the
        -:   67:   *  <a href="tables.html#68">optional sequence requirements</a>, only
        -:   68:   *  @c push_back, @c at, and @c %array access are supported.
        -:   69:   */
        -:   70:  template<typename _CharT, typename _Traits, typename _Alloc>
        -:   71:    class basic_string
        -:   72:    {
        -:   73:      typedef typename __gnu_cxx::__alloc_traits<_Alloc>::template
        -:   74:	rebind<_CharT>::other _Char_alloc_type;
        -:   75:      typedef __gnu_cxx::__alloc_traits<_Char_alloc_type> _Alloc_traits;
        -:   76:
        -:   77:      // Types:
        -:   78:    public:
        -:   79:      typedef _Traits					traits_type;
        -:   80:      typedef typename _Traits::char_type		value_type;
        -:   81:      typedef _Char_alloc_type				allocator_type;
        -:   82:      typedef typename _Alloc_traits::size_type		size_type;
        -:   83:      typedef typename _Alloc_traits::difference_type	difference_type;
        -:   84:      typedef typename _Alloc_traits::reference		reference;
        -:   85:      typedef typename _Alloc_traits::const_reference	const_reference;
        -:   86:      typedef typename _Alloc_traits::pointer		pointer;
        -:   87:      typedef typename _Alloc_traits::const_pointer	const_pointer;
        -:   88:      typedef __gnu_cxx::__normal_iterator<pointer, basic_string>  iterator;
        -:   89:      typedef __gnu_cxx::__normal_iterator<const_pointer, basic_string>
        -:   90:							const_iterator;
        -:   91:      typedef std::reverse_iterator<const_iterator>	const_reverse_iterator;
        -:   92:      typedef std::reverse_iterator<iterator>		reverse_iterator;
        -:   93:
        -:   94:      ///  Value returned by various member functions when they fail.
        -:   95:      static const size_type	npos = static_cast<size_type>(-1);
        -:   96:
        -:   97:    private:
        -:   98:      // type used for positions in insert, erase etc.
        -:   99:#if __cplusplus < 201103L
        -:  100:      typedef iterator __const_iterator;
        -:  101:#else
        -:  102:      typedef const_iterator __const_iterator;
        -:  103:#endif
        -:  104:
        -:  105:      // Use empty-base optimization: http://www.cantrip.org/emptyopt.html
function _ZNSt7__cxx1112basic_stringIcSt11char_traitsIcESaIcEE12_Alloc_hiderD2Ev called 0 returned 0% blocks executed 0%
    #####:  106:      struct _Alloc_hider : allocator_type // TODO check __is_final
call    0 never executed
        -:  107:      {
        -:  108:	_Alloc_hider(pointer __dat, const _Alloc& __a = _Alloc())
        -:  109:	: allocator_type(__a), _M_p(__dat) { }
        -:  110:
        -:  111:	pointer _M_p; // The actual data.
        -:  112:      };
        -:  113:
        -:  114:      _Alloc_hider	_M_dataplus;
        -:  115:      size_type		_M_string_length;
        -:  116:
        -:  117:      enum { _S_local_capacity = 15 / sizeof(_CharT) };
        -:  118:
        -:  119:      union
        -:  120:      {
        -:  121:	_CharT           _M_local_buf[_S_local_capacity + 1];
        -:  122:	size_type        _M_allocated_capacity;
        -:  123:      };
        -:  124:
        -:  125:      void
        -:  126:      _M_data(pointer __p)
        -:  127:      { _M_dataplus._M_p = __p; }
        -:  128:
        -:  129:      void
        -:  130:      _M_length(size_type __length)
        -:  131:      { _M_string_length = __length; }
        -:  132:
        -:  133:      pointer
        -:  134:      _M_data() const
        -:  135:      { return _M_dataplus._M_p; }
        -:  136:
        -:  137:      pointer
        -:  138:      _M_local_data()
        -:  139:      {
        -:  140:#if __cplusplus >= 201103L
        -:  141:	return std::pointer_traits<pointer>::pointer_to(*_M_local_buf);
        -:  142:#else
        -:  143:	return pointer(_M_local_buf);
        -:  144:#endif
        -:  145:      }
        -:  146:
        -:  147:      const_pointer
        -:  148:      _M_local_data() const
        -:  149:      {
        -:  150:#if __cplusplus >= 201103L
        -:  151:	return std::pointer_traits<const_pointer>::pointer_to(*_M_local_buf);
        -:  152:#else
        -:  153:	return const_pointer(_M_local_buf);
        -:  154:#endif
        -:  155:      }
        -:  156:
        -:  157:      void
        -:  158:      _M_capacity(size_type __capacity)
        -:  159:      { _M_allocated_capacity = __capacity; }
        -:  160:
        -:  161:      void
        -:  162:      _M_set_length(size_type __n)
        -:  163:      {
        -:  164:	_M_length(__n);
        -:  165:	traits_type::assign(_M_data()[__n], _CharT());
        -:  166:      }
        -:  167:
        -:  168:      bool
        -:  169:      _M_is_local() const
        -:  170:      { return _M_data() == _M_local_data(); }
        -:  171:
        -:  172:      // Create & Destroy
        -:  173:      pointer
        -:  174:      _M_create(size_type&, size_type);
        -:  175:
        -:  176:      void
        -:  177:      _M_dispose()
        -:  178:      {
        -:  179:	if (!_M_is_local())
        -:  180:	  _M_destroy(_M_allocated_capacity);
        -:  181:      }
        -:  182:
        -:  183:      void
        -:  184:      _M_destroy(size_type __size) throw()
        -:  185:      { _Alloc_traits::deallocate(_M_get_allocator(), _M_data(), __size + 1); }
        -:  186:
        -:  187:      // _M_construct_aux is used to implement the 21.3.1 para 15 which
        -:  188:      // requires special behaviour if _InIterator is an integral type
        -:  189:      template<typename _InIterator>
        -:  190:        void
function _ZNSt7__cxx1112basic_stringIcSt11char_traitsIcESaIcEE16_M_construct_auxIPKcEEvT_S8_St12__false_type called 0 returned 0% blocks executed 0%
    #####:  191:        _M_construct_aux(_InIterator __beg, _InIterator __end,
        -:  192:			 std::__false_type)
        -:  193:	{
        -:  194:          typedef typename iterator_traits<_InIterator>::iterator_category _Tag;
    #####:  195:          _M_construct(__beg, __end, _Tag());
call    0 never executed
branch  1 never executed
branch  2 never executed
    #####:  196:	}
        -:  197:
        -:  198:      // _GLIBCXX_RESOLVE_LIB_DEFECTS
        -:  199:      // 438. Ambiguity in the "do the right thing" clause
        -:  200:      template<typename _Integer>
        -:  201:        void
        -:  202:        _M_construct_aux(_Integer __beg, _Integer __end, std::__true_type)
        -:  203:	{ _M_construct_aux_2(static_cast<size_type>(__beg), __end); }
        -:  204:
        -:  205:      void
        -:  206:      _M_construct_aux_2(size_type __req, _CharT __c)
        -:  207:      { _M_construct(__req, __c); }
        -:  208:
        -:  209:      template<typename _InIterator>
        -:  210:        void
function _ZNSt7__cxx1112basic_stringIcSt11char_traitsIcESaIcEE12_M_constructIPKcEEvT_S8_ called 0 returned 0% blocks executed 0%
    #####:  211:        _M_construct(_InIterator __beg, _InIterator __end)
        -:  212:	{
        -:  213:	  typedef typename std::__is_integer<_InIterator>::__type _Integral;
    #####:  214:	  _M_construct_aux(__beg, __end, _Integral());
call    0 never executed
branch  1 never executed
branch  2 never executed
    #####:  215:        }
        -:  216:
        -:  217:      // For Input Iterators, used in istreambuf_iterators, etc.
        -:  218:      template<typename _InIterator>
        -:  219:        void
        -:  220:        _M_construct(_InIterator __beg, _InIterator __end,
        -:  221:		     std::input_iterator_tag);
        -:  222:
        -:  223:      // For forward_iterators up to random_access_iterators, used for
        -:  224:      // string::iterator, _CharT*, etc.
        -:  225:      template<typename _FwdIterator>
        -:  226:        void
        -:  227:        _M_construct(_FwdIterator __beg, _FwdIterator __end,
        -:  228:		     std::forward_iterator_tag);
        -:  229:
        -:  230:      void
        -:  231:      _M_construct(size_type __req, _CharT __c);
        -:  232:
        -:  233:      allocator_type&
        -:  234:      _M_get_allocator()
        -:  235:      { return _M_dataplus; }
        -:  236:
        -:  237:      const allocator_type&
        -:  238:      _M_get_allocator() const
        -:  239:      { return _M_dataplus; }
        -:  240:
        -:  241:    private:
        -:  242:
        -:  243:#ifdef _GLIBCXX_DISAMBIGUATE_REPLACE_INST
        -:  244:      // The explicit instantiations in misc-inst.cc require this due to
        -:  245:      // https://gcc.gnu.org/bugzilla/show_bug.cgi?id=64063
        -:  246:      template<typename _Tp, bool _Requires =
        -:  247:	       !__are_same<_Tp, _CharT*>::__value
        -:  248:	       && !__are_same<_Tp, const _CharT*>::__value
        -:  249:	       && !__are_same<_Tp, iterator>::__value
        -:  250:	       && !__are_same<_Tp, const_iterator>::__value>
        -:  251:	struct __enable_if_not_native_iterator
        -:  252:	{ typedef basic_string& __type; };
        -:  253:      template<typename _Tp>
        -:  254:	struct __enable_if_not_native_iterator<_Tp, false> { };
        -:  255:#endif
        -:  256:
        -:  257:      size_type
        -:  258:      _M_check(size_type __pos, const char* __s) const
        -:  259:      {
        -:  260:	if (__pos > this->size())
        -:  261:	  __throw_out_of_range_fmt(__N("%s: __pos (which is %zu) > "
        -:  262:				       "this->size() (which is %zu)"),
        -:  263:				   __s, __pos, this->size());
        -:  264:	return __pos;
        -:  265:      }
        -:  266:
        -:  267:      void
        -:  268:      _M_check_length(size_type __n1, size_type __n2, const char* __s) const
        -:  269:      {
        -:  270:	if (this->max_size() - (this->size() - __n1) < __n2)
        -:  271:	  __throw_length_error(__N(__s));
        -:  272:      }
        -:  273:
        -:  274:
        -:  275:      // NB: _M_limit doesn't check for a bad __pos value.
        -:  276:      size_type
        -:  277:      _M_limit(size_type __pos, size_type __off) const _GLIBCXX_NOEXCEPT
        -:  278:      {
        -:  279:	const bool __testoff =  __off < this->size() - __pos;
        -:  280:	return __testoff ? __off : this->size() - __pos;
        -:  281:      }
        -:  282:
        -:  283:      // True if _Rep and source do not overlap.
        -:  284:      bool
        -:  285:      _M_disjunct(const _CharT* __s) const _GLIBCXX_NOEXCEPT
        -:  286:      {
        -:  287:	return (less<const _CharT*>()(__s, _M_data())
        -:  288:		|| less<const _CharT*>()(_M_data() + this->size(), __s));
        -:  289:      }
        -:  290:
        -:  291:      // When __n = 1 way faster than the general multichar
        -:  292:      // traits_type::copy/move/assign.
        -:  293:      static void
        -:  294:      _S_copy(_CharT* __d, const _CharT* __s, size_type __n)
        -:  295:      {
        -:  296:	if (__n == 1)
        -:  297:	  traits_type::assign(*__d, *__s);
        -:  298:	else
        -:  299:	  traits_type::copy(__d, __s, __n);
        -:  300:      }
        -:  301:
        -:  302:      static void
        -:  303:      _S_move(_CharT* __d, const _CharT* __s, size_type __n)
        -:  304:      {
        -:  305:	if (__n == 1)
        -:  306:	  traits_type::assign(*__d, *__s);
        -:  307:	else
        -:  308:	  traits_type::move(__d, __s, __n);
        -:  309:      }
        -:  310:
        -:  311:      static void
        -:  312:      _S_assign(_CharT* __d, size_type __n, _CharT __c)
        -:  313:      {
        -:  314:	if (__n == 1)
        -:  315:	  traits_type::assign(*__d, __c);
        -:  316:	else
        -:  317:	  traits_type::assign(__d, __n, __c);
        -:  318:      }
        -:  319:
        -:  320:      // _S_copy_chars is a separate template to permit specialization
        -:  321:      // to optimize for the common case of pointers as iterators.
        -:  322:      template<class _Iterator>
        -:  323:        static void
        -:  324:        _S_copy_chars(_CharT* __p, _Iterator __k1, _Iterator __k2)
        -:  325:	_GLIBCXX_NOEXCEPT
        -:  326:        {
        -:  327:	  for (; __k1 != __k2; ++__k1, ++__p)
        -:  328:	    traits_type::assign(*__p, *__k1); // These types are off.
        -:  329:	}
        -:  330:
        -:  331:      static void
        -:  332:      _S_copy_chars(_CharT* __p, iterator __k1, iterator __k2) _GLIBCXX_NOEXCEPT
        -:  333:      { _S_copy_chars(__p, __k1.base(), __k2.base()); }
        -:  334:
        -:  335:      static void
        -:  336:      _S_copy_chars(_CharT* __p, const_iterator __k1, const_iterator __k2)
        -:  337:      _GLIBCXX_NOEXCEPT
        -:  338:      { _S_copy_chars(__p, __k1.base(), __k2.base()); }
        -:  339:
        -:  340:      static void
        -:  341:      _S_copy_chars(_CharT* __p, _CharT* __k1, _CharT* __k2) _GLIBCXX_NOEXCEPT
        -:  342:      { _S_copy(__p, __k1, __k2 - __k1); }
        -:  343:
        -:  344:      static void
        -:  345:      _S_copy_chars(_CharT* __p, const _CharT* __k1, const _CharT* __k2)
        -:  346:      _GLIBCXX_NOEXCEPT
        -:  347:      { _S_copy(__p, __k1, __k2 - __k1); }
        -:  348:
        -:  349:      static int
        -:  350:      _S_compare(size_type __n1, size_type __n2) _GLIBCXX_NOEXCEPT
        -:  351:      {
        -:  352:	const difference_type __d = difference_type(__n1 - __n2);
        -:  353:
        -:  354:	if (__d > __gnu_cxx::__numeric_traits<int>::__max)
        -:  355:	  return __gnu_cxx::__numeric_traits<int>::__max;
        -:  356:	else if (__d < __gnu_cxx::__numeric_traits<int>::__min)
        -:  357:	  return __gnu_cxx::__numeric_traits<int>::__min;
        -:  358:	else
        -:  359:	  return int(__d);
        -:  360:      }
        -:  361:
        -:  362:      void
        -:  363:      _M_assign(const basic_string& __rcs);
        -:  364:
        -:  365:      void
        -:  366:      _M_mutate(size_type __pos, size_type __len1, const _CharT* __s,
        -:  367:		size_type __len2);
        -:  368:
        -:  369:      void
        -:  370:      _M_erase(size_type __pos, size_type __n);
        -:  371:
        -:  372:    public:
        -:  373:      // Construct/copy/destroy:
        -:  374:      // NB: We overload ctors in some cases instead of using default
        -:  375:      // arguments, per 17.4.4.4 para. 2 item 2.
        -:  376:
        -:  377:      /**
        -:  378:       *  @brief  Default constructor creates an empty string.
        -:  379:       */
        -:  380:      basic_string()
        -:  381:#if __cplusplus >= 201103L
        -:  382:      noexcept(is_nothrow_default_constructible<_Alloc>::value)
        -:  383:#endif
        -:  384:      : _M_dataplus(_M_local_data())
        -:  385:      { _M_set_length(0); }
        -:  386:
        -:  387:      /**
        -:  388:       *  @brief  Construct an empty string using allocator @a a.
        -:  389:       */
        -:  390:      explicit
        -:  391:      basic_string(const _Alloc& __a)
        -:  392:      : _M_dataplus(_M_local_data(), __a)
        -:  393:      { _M_set_length(0); }
        -:  394:
        -:  395:      /**
        -:  396:       *  @brief  Construct string with copy of value of @a __str.
        -:  397:       *  @param  __str  Source string.
        -:  398:       */
        -:  399:      basic_string(const basic_string& __str)
        -:  400:      : _M_dataplus(_M_local_data(), __str._M_get_allocator()) // TODO A traits
        -:  401:      { _M_construct(__str._M_data(), __str._M_data() + __str.length()); }
        -:  402:
        -:  403:      /**
        -:  404:       *  @brief  Construct string as copy of a substring.
        -:  405:       *  @param  __str  Source string.
        -:  406:       *  @param  __pos  Index of first character to copy from.
        -:  407:       *  @param  __n  Number of characters to copy (default remainder).
        -:  408:       */
        -:  409:      // _GLIBCXX_RESOLVE_LIB_DEFECTS
        -:  410:      // 2402. [this constructor] shouldn't use Allocator()
        -:  411:      basic_string(const basic_string& __str, size_type __pos,
        -:  412:		   size_type __n = npos)
        -:  413:      : _M_dataplus(_M_local_data())
        -:  414:      {
        -:  415:	const _CharT* __start = __str._M_data()
        -:  416:	  + __str._M_check(__pos, "basic_string::basic_string");
        -:  417:	_M_construct(__start, __start + __str._M_limit(__pos, __n));
        -:  418:      }
        -:  419:
        -:  420:      /**
        -:  421:       *  @brief  Construct string as copy of a substring.
        -:  422:       *  @param  __str  Source string.
        -:  423:       *  @param  __pos  Index of first character to copy from.
        -:  424:       *  @param  __n  Number of characters to copy (default remainder).
        -:  425:       *  @param  __a  Allocator to use.
        -:  426:       */
        -:  427:      basic_string(const basic_string& __str, size_type __pos,
        -:  428:		   size_type __n, const _Alloc& __a)
        -:  429:      : _M_dataplus(_M_local_data(), __a)
        -:  430:      {
        -:  431:	const _CharT* __start
        -:  432:	  = __str._M_data() + __str._M_check(__pos, "string::string");
        -:  433:	_M_construct(__start, __start + __str._M_limit(__pos, __n));
        -:  434:      }
        -:  435:
        -:  436:      /**
        -:  437:       *  @brief  Construct string initialized by a character %array.
        -:  438:       *  @param  __s  Source character %array.
        -:  439:       *  @param  __n  Number of characters to copy.
        -:  440:       *  @param  __a  Allocator to use (default is default allocator).
        -:  441:       *
        -:  442:       *  NB: @a __s must have at least @a __n characters, &apos;\\0&apos;
        -:  443:       *  has no special meaning.
        -:  444:       */
        -:  445:      basic_string(const _CharT* __s, size_type __n,
        -:  446:		   const _Alloc& __a = _Alloc())
        -:  447:      : _M_dataplus(_M_local_data(), __a)
        -:  448:      { _M_construct(__s, __s + __n); }
        -:  449:
        -:  450:      /**
        -:  451:       *  @brief  Construct string as copy of a C string.
        -:  452:       *  @param  __s  Source C string.
        -:  453:       *  @param  __a  Allocator to use (default is default allocator).
        -:  454:       */
        -:  455:      basic_string(const _CharT* __s, const _Alloc& __a = _Alloc())
        -:  456:      : _M_dataplus(_M_local_data(), __a)
        -:  457:      { _M_construct(__s, __s ? __s + traits_type::length(__s) : __s+npos); }
        -:  458:
        -:  459:      /**
        -:  460:       *  @brief  Construct string as multiple characters.
        -:  461:       *  @param  __n  Number of characters.
        -:  462:       *  @param  __c  Character to use.
        -:  463:       *  @param  __a  Allocator to use (default is default allocator).
        -:  464:       */
        -:  465:      basic_string(size_type __n, _CharT __c, const _Alloc& __a = _Alloc())
        -:  466:      : _M_dataplus(_M_local_data(), __a)
        -:  467:      { _M_construct(__n, __c); }
        -:  468:
        -:  469:#if __cplusplus >= 201103L
        -:  470:      /**
        -:  471:       *  @brief  Move construct string.
        -:  472:       *  @param  __str  Source string.
        -:  473:       *
        -:  474:       *  The newly-created string contains the exact contents of @a __str.
        -:  475:       *  @a __str is a valid, but unspecified string.
        -:  476:       **/
        -:  477:      basic_string(basic_string&& __str) noexcept
        -:  478:      : _M_dataplus(_M_local_data(), std::move(__str._M_get_allocator()))
        -:  479:      {
        -:  480:	if (__str._M_is_local())
        -:  481:	  {
        -:  482:	    traits_type::copy(_M_local_buf, __str._M_local_buf,
        -:  483:			      _S_local_capacity + 1);
        -:  484:	  }
        -:  485:	else
        -:  486:	  {
        -:  487:	    _M_data(__str._M_data());
        -:  488:	    _M_capacity(__str._M_allocated_capacity);
        -:  489:	  }
        -:  490:
        -:  491:	// Must use _M_length() here not _M_set_length() because
        -:  492:	// basic_stringbuf relies on writing into unallocated capacity so
        -:  493:	// we mess up the contents if we put a '\0' in the string.
        -:  494:	_M_length(__str.length());
        -:  495:	__str._M_data(__str._M_local_data());
        -:  496:	__str._M_set_length(0);
        -:  497:      }
        -:  498:
        -:  499:      /**
        -:  500:       *  @brief  Construct string from an initializer %list.
        -:  501:       *  @param  __l  std::initializer_list of characters.
        -:  502:       *  @param  __a  Allocator to use (default is default allocator).
        -:  503:       */
        -:  504:      basic_string(initializer_list<_CharT> __l, const _Alloc& __a = _Alloc())
        -:  505:      : _M_dataplus(_M_local_data(), __a)
        -:  506:      { _M_construct(__l.begin(), __l.end()); }
        -:  507:
        -:  508:      basic_string(const basic_string& __str, const _Alloc& __a)
        -:  509:      : _M_dataplus(_M_local_data(), __a)
        -:  510:      { _M_construct(__str.begin(), __str.end()); }
        -:  511:
        -:  512:      basic_string(basic_string&& __str, const _Alloc& __a)
        -:  513:      : _M_dataplus(_M_local_data(), __a)
        -:  514:      {
        -:  515:	if (__str.get_allocator() == __a)
        -:  516:	  *this = std::move(__str);
        -:  517:	else
        -:  518:	  _M_construct(__str.begin(), __str.end());
        -:  519:      }
        -:  520:
        -:  521:#endif // C++11
        -:  522:
        -:  523:      /**
        -:  524:       *  @brief  Construct string as copy of a range.
        -:  525:       *  @param  __beg  Start of range.
        -:  526:       *  @param  __end  End of range.
        -:  527:       *  @param  __a  Allocator to use (default is default allocator).
        -:  528:       */
        -:  529:#if __cplusplus >= 201103L
        -:  530:      template<typename _InputIterator,
        -:  531:	       typename = std::_RequireInputIter<_InputIterator>>
        -:  532:#else
        -:  533:      template<typename _InputIterator>
        -:  534:#endif
function _ZNSt7__cxx1112basic_stringIcSt11char_traitsIcESaIcEEC2IPKcvEET_S8_RKS3_ called 0 returned 0% blocks executed 0%
    #####:  535:        basic_string(_InputIterator __beg, _InputIterator __end,
        -:  536:		     const _Alloc& __a = _Alloc())
    #####:  537:	: _M_dataplus(_M_local_data(), __a)
call    0 never executed
call    1 never executed
call    2 never executed
    #####:  538:	{ _M_construct(__beg, __end); }
call    0 never executed
branch  1 never executed
branch  2 never executed
        -:  539:
        -:  540:      /**
        -:  541:       *  @brief  Destroy the string instance.
        -:  542:       */
        -:  543:      ~basic_string()
        -:  544:      { _M_dispose(); }
        -:  545:
        -:  546:      /**
        -:  547:       *  @brief  Assign the value of @a str to this string.
        -:  548:       *  @param  __str  Source string.
        -:  549:       */
        -:  550:      basic_string&
        -:  551:      operator=(const basic_string& __str)
        -:  552:      { return this->assign(__str); }
        -:  553:
        -:  554:      /**
        -:  555:       *  @brief  Copy contents of @a s into this string.
        -:  556:       *  @param  __s  Source null-terminated string.
        -:  557:       */
        -:  558:      basic_string&
        -:  559:      operator=(const _CharT* __s)
        -:  560:      { return this->assign(__s); }
        -:  561:
        -:  562:      /**
        -:  563:       *  @brief  Set value to string of length 1.
        -:  564:       *  @param  __c  Source character.
        -:  565:       *
        -:  566:       *  Assigning to a character makes this string length 1 and
        -:  567:       *  (*this)[0] == @a c.
        -:  568:       */
        -:  569:      basic_string&
        -:  570:      operator=(_CharT __c)
        -:  571:      {
        -:  572:	this->assign(1, __c);
        -:  573:	return *this;
        -:  574:      }
        -:  575:
        -:  576:#if __cplusplus >= 201103L
        -:  577:      /**
        -:  578:       *  @brief  Move assign the value of @a str to this string.
        -:  579:       *  @param  __str  Source string.
        -:  580:       *
        -:  581:       *  The contents of @a str are moved into this string (without copying).
        -:  582:       *  @a str is a valid, but unspecified string.
        -:  583:       **/
        -:  584:      // PR 58265, this should be noexcept.
        -:  585:      // _GLIBCXX_RESOLVE_LIB_DEFECTS
        -:  586:      // 2063. Contradictory requirements for string move assignment
        -:  587:      basic_string&
        -:  588:      operator=(basic_string&& __str)
        -:  589:      {
        -:  590:	this->swap(__str);
        -:  591:	return *this;
        -:  592:      }
        -:  593:
        -:  594:      /**
        -:  595:       *  @brief  Set value to string constructed from initializer %list.
        -:  596:       *  @param  __l  std::initializer_list.
        -:  597:       */
        -:  598:      basic_string&
        -:  599:      operator=(initializer_list<_CharT> __l)
        -:  600:      {
        -:  601:	this->assign(__l.begin(), __l.size());
        -:  602:	return *this;
        -:  603:      }
        -:  604:#endif // C++11
        -:  605:
        -:  606:      // Iterators:
        -:  607:      /**
        -:  608:       *  Returns a read/write iterator that points to the first character in
        -:  609:       *  the %string.
        -:  610:       */
        -:  611:      iterator
        -:  612:      begin() _GLIBCXX_NOEXCEPT
        -:  613:      { return iterator(_M_data()); }
        -:  614:
        -:  615:      /**
        -:  616:       *  Returns a read-only (constant) iterator that points to the first
        -:  617:       *  character in the %string.
        -:  618:       */
        -:  619:      const_iterator
        -:  620:      begin() const _GLIBCXX_NOEXCEPT
        -:  621:      { return const_iterator(_M_data()); }
        -:  622:
        -:  623:      /**
        -:  624:       *  Returns a read/write iterator that points one past the last
        -:  625:       *  character in the %string.
        -:  626:       */
        -:  627:      iterator
        -:  628:      end() _GLIBCXX_NOEXCEPT
        -:  629:      { return iterator(_M_data() + this->size()); }
        -:  630:
        -:  631:      /**
        -:  632:       *  Returns a read-only (constant) iterator that points one past the
        -:  633:       *  last character in the %string.
        -:  634:       */
        -:  635:      const_iterator
        -:  636:      end() const _GLIBCXX_NOEXCEPT
        -:  637:      { return const_iterator(_M_data() + this->size()); }
        -:  638:
        -:  639:      /**
        -:  640:       *  Returns a read/write reverse iterator that points to the last
        -:  641:       *  character in the %string.  Iteration is done in reverse element
        -:  642:       *  order.
        -:  643:       */
        -:  644:      reverse_iterator
        -:  645:      rbegin() _GLIBCXX_NOEXCEPT
        -:  646:      { return reverse_iterator(this->end()); }
        -:  647:
        -:  648:      /**
        -:  649:       *  Returns a read-only (constant) reverse iterator that points
        -:  650:       *  to the last character in the %string.  Iteration is done in
        -:  651:       *  reverse element order.
        -:  652:       */
        -:  653:      const_reverse_iterator
        -:  654:      rbegin() const _GLIBCXX_NOEXCEPT
        -:  655:      { return const_reverse_iterator(this->end()); }
        -:  656:
        -:  657:      /**
        -:  658:       *  Returns a read/write reverse iterator that points to one before the
        -:  659:       *  first character in the %string.  Iteration is done in reverse
        -:  660:       *  element order.
        -:  661:       */
        -:  662:      reverse_iterator
        -:  663:      rend() _GLIBCXX_NOEXCEPT
        -:  664:      { return reverse_iterator(this->begin()); }
        -:  665:
        -:  666:      /**
        -:  667:       *  Returns a read-only (constant) reverse iterator that points
        -:  668:       *  to one before the first character in the %string.  Iteration
        -:  669:       *  is done in reverse element order.
        -:  670:       */
        -:  671:      const_reverse_iterator
        -:  672:      rend() const _GLIBCXX_NOEXCEPT
        -:  673:      { return const_reverse_iterator(this->begin()); }
        -:  674:
        -:  675:#if __cplusplus >= 201103L
        -:  676:      /**
        -:  677:       *  Returns a read-only (constant) iterator that points to the first
        -:  678:       *  character in the %string.
        -:  679:       */
        -:  680:      const_iterator
        -:  681:      cbegin() const noexcept
        -:  682:      { return const_iterator(this->_M_data()); }
        -:  683:
        -:  684:      /**
        -:  685:       *  Returns a read-only (constant) iterator that points one past the
        -:  686:       *  last character in the %string.
        -:  687:       */
        -:  688:      const_iterator
        -:  689:      cend() const noexcept
        -:  690:      { return const_iterator(this->_M_data() + this->size()); }
        -:  691:
        -:  692:      /**
        -:  693:       *  Returns a read-only (constant) reverse iterator that points
        -:  694:       *  to the last character in the %string.  Iteration is done in
        -:  695:       *  reverse element order.
        -:  696:       */
        -:  697:      const_reverse_iterator
        -:  698:      crbegin() const noexcept
        -:  699:      { return const_reverse_iterator(this->end()); }
        -:  700:
        -:  701:      /**
        -:  702:       *  Returns a read-only (constant) reverse iterator that points
        -:  703:       *  to one before the first character in the %string.  Iteration
        -:  704:       *  is done in reverse element order.
        -:  705:       */
        -:  706:      const_reverse_iterator
        -:  707:      crend() const noexcept
        -:  708:      { return const_reverse_iterator(this->begin()); }
        -:  709:#endif
        -:  710:
        -:  711:    public:
        -:  712:      // Capacity:
        -:  713:      ///  Returns the number of characters in the string, not including any
        -:  714:      ///  null-termination.
        -:  715:      size_type
        -:  716:      size() const _GLIBCXX_NOEXCEPT
        -:  717:      { return _M_string_length; }
        -:  718:
        -:  719:      ///  Returns the number of characters in the string, not including any
        -:  720:      ///  null-termination.
        -:  721:      size_type
        -:  722:      length() const _GLIBCXX_NOEXCEPT
        -:  723:      { return _M_string_length; }
        -:  724:
        -:  725:      ///  Returns the size() of the largest possible %string.
        -:  726:      size_type
        -:  727:      max_size() const _GLIBCXX_NOEXCEPT
        -:  728:      { return (_Alloc_traits::max_size(_M_get_allocator()) - 1) / 2; }
        -:  729:
        -:  730:      /**
        -:  731:       *  @brief  Resizes the %string to the specified number of characters.
        -:  732:       *  @param  __n  Number of characters the %string should contain.
        -:  733:       *  @param  __c  Character to fill any new elements.
        -:  734:       *
        -:  735:       *  This function will %resize the %string to the specified
        -:  736:       *  number of characters.  If the number is smaller than the
        -:  737:       *  %string's current size the %string is truncated, otherwise
        -:  738:       *  the %string is extended and new elements are %set to @a __c.
        -:  739:       */
        -:  740:      void
        -:  741:      resize(size_type __n, _CharT __c);
        -:  742:
        -:  743:      /**
        -:  744:       *  @brief  Resizes the %string to the specified number of characters.
        -:  745:       *  @param  __n  Number of characters the %string should contain.
        -:  746:       *
        -:  747:       *  This function will resize the %string to the specified length.  If
        -:  748:       *  the new size is smaller than the %string's current size the %string
        -:  749:       *  is truncated, otherwise the %string is extended and new characters
        -:  750:       *  are default-constructed.  For basic types such as char, this means
        -:  751:       *  setting them to 0.
        -:  752:       */
        -:  753:      void
        -:  754:      resize(size_type __n)
        -:  755:      { this->resize(__n, _CharT()); }
        -:  756:
        -:  757:#if __cplusplus >= 201103L
        -:  758:      ///  A non-binding request to reduce capacity() to size().
        -:  759:      void
        -:  760:      shrink_to_fit() noexcept
        -:  761:      {
        -:  762:#if __cpp_exceptions
        -:  763:	if (capacity() > size())
        -:  764:	  {
        -:  765:	    try
        -:  766:	      { reserve(0); }
        -:  767:	    catch(...)
        -:  768:	      { }
        -:  769:	  }
        -:  770:#endif
        -:  771:      }
        -:  772:#endif
        -:  773:
        -:  774:      /**
        -:  775:       *  Returns the total number of characters that the %string can hold
        -:  776:       *  before needing to allocate more memory.
        -:  777:       */
        -:  778:      size_type
        -:  779:      capacity() const _GLIBCXX_NOEXCEPT
        -:  780:      {
        -:  781:	return _M_is_local() ? size_type(_S_local_capacity)
        -:  782:	                     : _M_allocated_capacity;
        -:  783:      }
        -:  784:
        -:  785:      /**
        -:  786:       *  @brief  Attempt to preallocate enough memory for specified number of
        -:  787:       *          characters.
        -:  788:       *  @param  __res_arg  Number of characters required.
        -:  789:       *  @throw  std::length_error  If @a __res_arg exceeds @c max_size().
        -:  790:       *
        -:  791:       *  This function attempts to reserve enough memory for the
        -:  792:       *  %string to hold the specified number of characters.  If the
        -:  793:       *  number requested is more than max_size(), length_error is
        -:  794:       *  thrown.
        -:  795:       *
        -:  796:       *  The advantage of this function is that if optimal code is a
        -:  797:       *  necessity and the user can determine the string length that will be
        -:  798:       *  required, the user can reserve the memory in %advance, and thus
        -:  799:       *  prevent a possible reallocation of memory and copying of %string
        -:  800:       *  data.
        -:  801:       */
        -:  802:      void
        -:  803:      reserve(size_type __res_arg = 0);
        -:  804:
        -:  805:      /**
        -:  806:       *  Erases the string, making it empty.
        -:  807:       */
        -:  808:      void
        -:  809:      clear() _GLIBCXX_NOEXCEPT
        -:  810:      { _M_set_length(0); }
        -:  811:
        -:  812:      /**
        -:  813:       *  Returns true if the %string is empty.  Equivalent to 
        -:  814:       *  <code>*this == ""</code>.
        -:  815:       */
        -:  816:      bool
        -:  817:      empty() const _GLIBCXX_NOEXCEPT
        -:  818:      { return this->size() == 0; }
        -:  819:
        -:  820:      // Element access:
        -:  821:      /**
        -:  822:       *  @brief  Subscript access to the data contained in the %string.
        -:  823:       *  @param  __pos  The index of the character to access.
        -:  824:       *  @return  Read-only (constant) reference to the character.
        -:  825:       *
        -:  826:       *  This operator allows for easy, array-style, data access.
        -:  827:       *  Note that data access with this operator is unchecked and
        -:  828:       *  out_of_range lookups are not defined. (For checked lookups
        -:  829:       *  see at().)
        -:  830:       */
        -:  831:      const_reference
        -:  832:      operator[] (size_type __pos) const _GLIBCXX_NOEXCEPT
        -:  833:      {
        -:  834:	_GLIBCXX_DEBUG_ASSERT(__pos <= size());
        -:  835:	return _M_data()[__pos];
        -:  836:      }
        -:  837:
        -:  838:      /**
        -:  839:       *  @brief  Subscript access to the data contained in the %string.
        -:  840:       *  @param  __pos  The index of the character to access.
        -:  841:       *  @return  Read/write reference to the character.
        -:  842:       *
        -:  843:       *  This operator allows for easy, array-style, data access.
        -:  844:       *  Note that data access with this operator is unchecked and
        -:  845:       *  out_of_range lookups are not defined. (For checked lookups
        -:  846:       *  see at().)
        -:  847:       */
        -:  848:      reference
        -:  849:      operator[](size_type __pos)
        -:  850:      {
        -:  851:        // Allow pos == size() both in C++98 mode, as v3 extension,
        -:  852:	// and in C++11 mode.
        -:  853:	_GLIBCXX_DEBUG_ASSERT(__pos <= size());
        -:  854:        // In pedantic mode be strict in C++98 mode.
        -:  855:	_GLIBCXX_DEBUG_PEDASSERT(__cplusplus >= 201103L || __pos < size());
        -:  856:	return _M_data()[__pos];
        -:  857:      }
        -:  858:
        -:  859:      /**
        -:  860:       *  @brief  Provides access to the data contained in the %string.
        -:  861:       *  @param __n The index of the character to access.
        -:  862:       *  @return  Read-only (const) reference to the character.
        -:  863:       *  @throw  std::out_of_range  If @a n is an invalid index.
        -:  864:       *
        -:  865:       *  This function provides for safer data access.  The parameter is
        -:  866:       *  first checked that it is in the range of the string.  The function
        -:  867:       *  throws out_of_range if the check fails.
        -:  868:       */
        -:  869:      const_reference
        -:  870:      at(size_type __n) const
        -:  871:      {
        -:  872:	if (__n >= this->size())
        -:  873:	  __throw_out_of_range_fmt(__N("basic_string::at: __n "
        -:  874:				       "(which is %zu) >= this->size() "
        -:  875:				       "(which is %zu)"),
        -:  876:				   __n, this->size());
        -:  877:	return _M_data()[__n];
        -:  878:      }
        -:  879:
        -:  880:      /**
        -:  881:       *  @brief  Provides access to the data contained in the %string.
        -:  882:       *  @param __n The index of the character to access.
        -:  883:       *  @return  Read/write reference to the character.
        -:  884:       *  @throw  std::out_of_range  If @a n is an invalid index.
        -:  885:       *
        -:  886:       *  This function provides for safer data access.  The parameter is
        -:  887:       *  first checked that it is in the range of the string.  The function
        -:  888:       *  throws out_of_range if the check fails.
        -:  889:       */
        -:  890:      reference
        -:  891:      at(size_type __n)
        -:  892:      {
        -:  893:	if (__n >= size())
        -:  894:	  __throw_out_of_range_fmt(__N("basic_string::at: __n "
        -:  895:				       "(which is %zu) >= this->size() "
        -:  896:				       "(which is %zu)"),
        -:  897:				   __n, this->size());
        -:  898:	return _M_data()[__n];
        -:  899:      }
        -:  900:
        -:  901:#if __cplusplus >= 201103L
        -:  902:      /**
        -:  903:       *  Returns a read/write reference to the data at the first
        -:  904:       *  element of the %string.
        -:  905:       */
        -:  906:      reference
        -:  907:      front() noexcept
        -:  908:      { return operator[](0); }
        -:  909:
        -:  910:      /**
        -:  911:       *  Returns a read-only (constant) reference to the data at the first
        -:  912:       *  element of the %string.
        -:  913:       */
        -:  914:      const_reference
        -:  915:      front() const noexcept
        -:  916:      { return operator[](0); }
        -:  917:
        -:  918:      /**
        -:  919:       *  Returns a read/write reference to the data at the last
        -:  920:       *  element of the %string.
        -:  921:       */
        -:  922:      reference
        -:  923:      back() noexcept
        -:  924:      { return operator[](this->size() - 1); }
        -:  925:
        -:  926:      /**
        -:  927:       *  Returns a read-only (constant) reference to the data at the
        -:  928:       *  last element of the %string.
        -:  929:       */
        -:  930:      const_reference
        -:  931:      back() const noexcept
        -:  932:      { return operator[](this->size() - 1); }
        -:  933:#endif
        -:  934:
        -:  935:      // Modifiers:
        -:  936:      /**
        -:  937:       *  @brief  Append a string to this string.
        -:  938:       *  @param __str  The string to append.
        -:  939:       *  @return  Reference to this string.
        -:  940:       */
        -:  941:      basic_string&
        -:  942:      operator+=(const basic_string& __str)
        -:  943:      { return this->append(__str); }
        -:  944:
        -:  945:      /**
        -:  946:       *  @brief  Append a C string.
        -:  947:       *  @param __s  The C string to append.
        -:  948:       *  @return  Reference to this string.
        -:  949:       */
        -:  950:      basic_string&
        -:  951:      operator+=(const _CharT* __s)
        -:  952:      { return this->append(__s); }
        -:  953:
        -:  954:      /**
        -:  955:       *  @brief  Append a character.
        -:  956:       *  @param __c  The character to append.
        -:  957:       *  @return  Reference to this string.
        -:  958:       */
        -:  959:      basic_string&
        -:  960:      operator+=(_CharT __c)
        -:  961:      {
        -:  962:	this->push_back(__c);
        -:  963:	return *this;
        -:  964:      }
        -:  965:
        -:  966:#if __cplusplus >= 201103L
        -:  967:      /**
        -:  968:       *  @brief  Append an initializer_list of characters.
        -:  969:       *  @param __l  The initializer_list of characters to be appended.
        -:  970:       *  @return  Reference to this string.
        -:  971:       */
        -:  972:      basic_string&
        -:  973:      operator+=(initializer_list<_CharT> __l)
        -:  974:      { return this->append(__l.begin(), __l.size()); }
        -:  975:#endif // C++11
        -:  976:
        -:  977:      /**
        -:  978:       *  @brief  Append a string to this string.
        -:  979:       *  @param __str  The string to append.
        -:  980:       *  @return  Reference to this string.
        -:  981:       */
        -:  982:      basic_string&
        -:  983:      append(const basic_string& __str)
        -:  984:      { return _M_append(__str._M_data(), __str.size()); }
        -:  985:
        -:  986:      /**
        -:  987:       *  @brief  Append a substring.
        -:  988:       *  @param __str  The string to append.
        -:  989:       *  @param __pos  Index of the first character of str to append.
        -:  990:       *  @param __n  The number of characters to append.
        -:  991:       *  @return  Reference to this string.
        -:  992:       *  @throw  std::out_of_range if @a __pos is not a valid index.
        -:  993:       *
        -:  994:       *  This function appends @a __n characters from @a __str
        -:  995:       *  starting at @a __pos to this string.  If @a __n is is larger
        -:  996:       *  than the number of available characters in @a __str, the
        -:  997:       *  remainder of @a __str is appended.
        -:  998:       */
        -:  999:      basic_string&
        -: 1000:      append(const basic_string& __str, size_type __pos, size_type __n)
        -: 1001:      { return _M_append(__str._M_data()
        -: 1002:			 + __str._M_check(__pos, "basic_string::append"),
        -: 1003:			 __str._M_limit(__pos, __n)); }
        -: 1004:
        -: 1005:      /**
        -: 1006:       *  @brief  Append a C substring.
        -: 1007:       *  @param __s  The C string to append.
        -: 1008:       *  @param __n  The number of characters to append.
        -: 1009:       *  @return  Reference to this string.
        -: 1010:       */
        -: 1011:      basic_string&
        -: 1012:      append(const _CharT* __s, size_type __n)
        -: 1013:      {
        -: 1014:	__glibcxx_requires_string_len(__s, __n);
        -: 1015:	_M_check_length(size_type(0), __n, "basic_string::append");
        -: 1016:	return _M_append(__s, __n);
        -: 1017:      }
        -: 1018:
        -: 1019:      /**
        -: 1020:       *  @brief  Append a C string.
        -: 1021:       *  @param __s  The C string to append.
        -: 1022:       *  @return  Reference to this string.
        -: 1023:       */
        -: 1024:      basic_string&
        -: 1025:      append(const _CharT* __s)
        -: 1026:      {
        -: 1027:	__glibcxx_requires_string(__s);
        -: 1028:	const size_type __n = traits_type::length(__s);
        -: 1029:	_M_check_length(size_type(0), __n, "basic_string::append");
        -: 1030:	return _M_append(__s, __n);
        -: 1031:      }
        -: 1032:
        -: 1033:      /**
        -: 1034:       *  @brief  Append multiple characters.
        -: 1035:       *  @param __n  The number of characters to append.
        -: 1036:       *  @param __c  The character to use.
        -: 1037:       *  @return  Reference to this string.
        -: 1038:       *
        -: 1039:       *  Appends __n copies of __c to this string.
        -: 1040:       */
        -: 1041:      basic_string&
        -: 1042:      append(size_type __n, _CharT __c)
        -: 1043:      { return _M_replace_aux(this->size(), size_type(0), __n, __c); }
        -: 1044:
        -: 1045:#if __cplusplus >= 201103L
        -: 1046:      /**
        -: 1047:       *  @brief  Append an initializer_list of characters.
        -: 1048:       *  @param __l  The initializer_list of characters to append.
        -: 1049:       *  @return  Reference to this string.
        -: 1050:       */
        -: 1051:      basic_string&
        -: 1052:      append(initializer_list<_CharT> __l)
        -: 1053:      { return this->append(__l.begin(), __l.size()); }
        -: 1054:#endif // C++11
        -: 1055:
        -: 1056:      /**
        -: 1057:       *  @brief  Append a range of characters.
        -: 1058:       *  @param __first  Iterator referencing the first character to append.
        -: 1059:       *  @param __last  Iterator marking the end of the range.
        -: 1060:       *  @return  Reference to this string.
        -: 1061:       *
        -: 1062:       *  Appends characters in the range [__first,__last) to this string.
        -: 1063:       */
        -: 1064:#if __cplusplus >= 201103L
        -: 1065:      template<class _InputIterator,
        -: 1066:	       typename = std::_RequireInputIter<_InputIterator>>
        -: 1067:#else
        -: 1068:      template<class _InputIterator>
        -: 1069:#endif
        -: 1070:        basic_string&
        -: 1071:        append(_InputIterator __first, _InputIterator __last)
        -: 1072:        { return this->replace(end(), end(), __first, __last); }
        -: 1073:
        -: 1074:      /**
        -: 1075:       *  @brief  Append a single character.
        -: 1076:       *  @param __c  Character to append.
        -: 1077:       */
        -: 1078:      void
        -: 1079:      push_back(_CharT __c)
        -: 1080:      {
        -: 1081:	const size_type __size = this->size();
        -: 1082:	if (__size + 1 > this->capacity())
        -: 1083:	  this->_M_mutate(__size, size_type(0), 0, size_type(1));
        -: 1084:	traits_type::assign(this->_M_data()[__size], __c);
        -: 1085:	this->_M_set_length(__size + 1);
        -: 1086:      }
        -: 1087:
        -: 1088:      /**
        -: 1089:       *  @brief  Set value to contents of another string.
        -: 1090:       *  @param  __str  Source string to use.
        -: 1091:       *  @return  Reference to this string.
        -: 1092:       */
        -: 1093:      basic_string&
        -: 1094:      assign(const basic_string& __str)
        -: 1095:      {
        -: 1096:	this->_M_assign(__str);
        -: 1097:	return *this;
        -: 1098:      }
        -: 1099:
        -: 1100:#if __cplusplus >= 201103L
        -: 1101:      /**
        -: 1102:       *  @brief  Set value to contents of another string.
        -: 1103:       *  @param  __str  Source string to use.
        -: 1104:       *  @return  Reference to this string.
        -: 1105:       *
        -: 1106:       *  This function sets this string to the exact contents of @a __str.
        -: 1107:       *  @a __str is a valid, but unspecified string.
        -: 1108:       */
        -: 1109:      basic_string&
        -: 1110:      assign(basic_string&& __str)
        -: 1111:      {
        -: 1112:	// _GLIBCXX_RESOLVE_LIB_DEFECTS
        -: 1113:	// 2063. Contradictory requirements for string move assignment
        -: 1114:	return *this = std::move(__str);
        -: 1115:      }
        -: 1116:#endif // C++11
        -: 1117:
        -: 1118:      /**
        -: 1119:       *  @brief  Set value to a substring of a string.
        -: 1120:       *  @param __str  The string to use.
        -: 1121:       *  @param __pos  Index of the first character of str.
        -: 1122:       *  @param __n  Number of characters to use.
        -: 1123:       *  @return  Reference to this string.
        -: 1124:       *  @throw  std::out_of_range if @a pos is not a valid index.
        -: 1125:       *
        -: 1126:       *  This function sets this string to the substring of @a __str
        -: 1127:       *  consisting of @a __n characters at @a __pos.  If @a __n is
        -: 1128:       *  is larger than the number of available characters in @a
        -: 1129:       *  __str, the remainder of @a __str is used.
        -: 1130:       */
        -: 1131:      basic_string&
        -: 1132:      assign(const basic_string& __str, size_type __pos, size_type __n)
        -: 1133:      { return _M_replace(size_type(0), this->size(), __str._M_data()
        -: 1134:			  + __str._M_check(__pos, "basic_string::assign"),
        -: 1135:			  __str._M_limit(__pos, __n)); }
        -: 1136:
        -: 1137:      /**
        -: 1138:       *  @brief  Set value to a C substring.
        -: 1139:       *  @param __s  The C string to use.
        -: 1140:       *  @param __n  Number of characters to use.
        -: 1141:       *  @return  Reference to this string.
        -: 1142:       *
        -: 1143:       *  This function sets the value of this string to the first @a __n
        -: 1144:       *  characters of @a __s.  If @a __n is is larger than the number of
        -: 1145:       *  available characters in @a __s, the remainder of @a __s is used.
        -: 1146:       */
        -: 1147:      basic_string&
        -: 1148:      assign(const _CharT* __s, size_type __n)
        -: 1149:      {
        -: 1150:	__glibcxx_requires_string_len(__s, __n);
        -: 1151:	return _M_replace(size_type(0), this->size(), __s, __n);
        -: 1152:      }
        -: 1153:
        -: 1154:      /**
        -: 1155:       *  @brief  Set value to contents of a C string.
        -: 1156:       *  @param __s  The C string to use.
        -: 1157:       *  @return  Reference to this string.
        -: 1158:       *
        -: 1159:       *  This function sets the value of this string to the value of @a __s.
        -: 1160:       *  The data is copied, so there is no dependence on @a __s once the
        -: 1161:       *  function returns.
        -: 1162:       */
        -: 1163:      basic_string&
        -: 1164:      assign(const _CharT* __s)
        -: 1165:      {
        -: 1166:	__glibcxx_requires_string(__s);
        -: 1167:	return _M_replace(size_type(0), this->size(), __s,
        -: 1168:			  traits_type::length(__s));
        -: 1169:      }
        -: 1170:
        -: 1171:      /**
        -: 1172:       *  @brief  Set value to multiple characters.
        -: 1173:       *  @param __n  Length of the resulting string.
        -: 1174:       *  @param __c  The character to use.
        -: 1175:       *  @return  Reference to this string.
        -: 1176:       *
        -: 1177:       *  This function sets the value of this string to @a __n copies of
        -: 1178:       *  character @a __c.
        -: 1179:       */
        -: 1180:      basic_string&
        -: 1181:      assign(size_type __n, _CharT __c)
        -: 1182:      { return _M_replace_aux(size_type(0), this->size(), __n, __c); }
        -: 1183:
        -: 1184:      /**
        -: 1185:       *  @brief  Set value to a range of characters.
        -: 1186:       *  @param __first  Iterator referencing the first character to append.
        -: 1187:       *  @param __last  Iterator marking the end of the range.
        -: 1188:       *  @return  Reference to this string.
        -: 1189:       *
        -: 1190:       *  Sets value of string to characters in the range [__first,__last).
        -: 1191:      */
        -: 1192:#if __cplusplus >= 201103L
        -: 1193:      template<class _InputIterator,
        -: 1194:	       typename = std::_RequireInputIter<_InputIterator>>
        -: 1195:#else
        -: 1196:      template<class _InputIterator>
        -: 1197:#endif
        -: 1198:        basic_string&
        -: 1199:        assign(_InputIterator __first, _InputIterator __last)
        -: 1200:        { return this->replace(begin(), end(), __first, __last); }
        -: 1201:
        -: 1202:#if __cplusplus >= 201103L
        -: 1203:      /**
        -: 1204:       *  @brief  Set value to an initializer_list of characters.
        -: 1205:       *  @param __l  The initializer_list of characters to assign.
        -: 1206:       *  @return  Reference to this string.
        -: 1207:       */
        -: 1208:      basic_string&
        -: 1209:      assign(initializer_list<_CharT> __l)
        -: 1210:      { return this->assign(__l.begin(), __l.size()); }
        -: 1211:#endif // C++11
        -: 1212:
        -: 1213:#if __cplusplus >= 201103L
        -: 1214:      /**
        -: 1215:       *  @brief  Insert multiple characters.
        -: 1216:       *  @param __p  Const_iterator referencing location in string to
        -: 1217:       *              insert at.
        -: 1218:       *  @param __n  Number of characters to insert
        -: 1219:       *  @param __c  The character to insert.
        -: 1220:       *  @return  Iterator referencing the first inserted char.
        -: 1221:       *  @throw  std::length_error  If new length exceeds @c max_size().
        -: 1222:       *
        -: 1223:       *  Inserts @a __n copies of character @a __c starting at the
        -: 1224:       *  position referenced by iterator @a __p.  If adding
        -: 1225:       *  characters causes the length to exceed max_size(),
        -: 1226:       *  length_error is thrown.  The value of the string doesn't
        -: 1227:       *  change if an error is thrown.
        -: 1228:      */
        -: 1229:      iterator
        -: 1230:      insert(const_iterator __p, size_type __n, _CharT __c)
        -: 1231:      {
        -: 1232:	_GLIBCXX_DEBUG_PEDASSERT(__p >= begin() && __p <= end());
        -: 1233:	const size_type __pos = __p - begin();
        -: 1234:	this->replace(__p, __p, __n, __c);
        -: 1235:	return iterator(this->_M_data() + __pos);
        -: 1236:      }
        -: 1237:#else
        -: 1238:      /**
        -: 1239:       *  @brief  Insert multiple characters.
        -: 1240:       *  @param __p  Iterator referencing location in string to insert at.
        -: 1241:       *  @param __n  Number of characters to insert
        -: 1242:       *  @param __c  The character to insert.
        -: 1243:       *  @throw  std::length_error  If new length exceeds @c max_size().
        -: 1244:       *
        -: 1245:       *  Inserts @a __n copies of character @a __c starting at the
        -: 1246:       *  position referenced by iterator @a __p.  If adding
        -: 1247:       *  characters causes the length to exceed max_size(),
        -: 1248:       *  length_error is thrown.  The value of the string doesn't
        -: 1249:       *  change if an error is thrown.
        -: 1250:      */
        -: 1251:      void
        -: 1252:      insert(iterator __p, size_type __n, _CharT __c)
        -: 1253:      {	this->replace(__p, __p, __n, __c);  }
        -: 1254:#endif
        -: 1255:
        -: 1256:#if __cplusplus >= 201103L
        -: 1257:      /**
        -: 1258:       *  @brief  Insert a range of characters.
        -: 1259:       *  @param __p  Const_iterator referencing location in string to
        -: 1260:       *              insert at.
        -: 1261:       *  @param __beg  Start of range.
        -: 1262:       *  @param __end  End of range.
        -: 1263:       *  @return  Iterator referencing the first inserted char.
        -: 1264:       *  @throw  std::length_error  If new length exceeds @c max_size().
        -: 1265:       *
        -: 1266:       *  Inserts characters in range [beg,end).  If adding characters
        -: 1267:       *  causes the length to exceed max_size(), length_error is
        -: 1268:       *  thrown.  The value of the string doesn't change if an error
        -: 1269:       *  is thrown.
        -: 1270:      */
        -: 1271:      template<class _InputIterator,
        -: 1272:	       typename = std::_RequireInputIter<_InputIterator>>
        -: 1273:	iterator
        -: 1274:        insert(const_iterator __p, _InputIterator __beg, _InputIterator __end)
        -: 1275:        {
        -: 1276:	  _GLIBCXX_DEBUG_PEDASSERT(__p >= begin() && __p <= end());
        -: 1277:	  const size_type __pos = __p - begin();
        -: 1278:	  this->replace(__p, __p, __beg, __end);
        -: 1279:	  return iterator(this->_M_data() + __pos);
        -: 1280:	}
        -: 1281:#else
        -: 1282:      /**
        -: 1283:       *  @brief  Insert a range of characters.
        -: 1284:       *  @param __p  Iterator referencing location in string to insert at.
        -: 1285:       *  @param __beg  Start of range.
        -: 1286:       *  @param __end  End of range.
        -: 1287:       *  @throw  std::length_error  If new length exceeds @c max_size().
        -: 1288:       *
        -: 1289:       *  Inserts characters in range [__beg,__end).  If adding
        -: 1290:       *  characters causes the length to exceed max_size(),
        -: 1291:       *  length_error is thrown.  The value of the string doesn't
        -: 1292:       *  change if an error is thrown.
        -: 1293:      */
        -: 1294:      template<class _InputIterator>
        -: 1295:        void
        -: 1296:        insert(iterator __p, _InputIterator __beg, _InputIterator __end)
        -: 1297:        { this->replace(__p, __p, __beg, __end); }
        -: 1298:#endif
        -: 1299:
        -: 1300:#if __cplusplus >= 201103L
        -: 1301:      /**
        -: 1302:       *  @brief  Insert an initializer_list of characters.
        -: 1303:       *  @param __p  Iterator referencing location in string to insert at.
        -: 1304:       *  @param __l  The initializer_list of characters to insert.
        -: 1305:       *  @throw  std::length_error  If new length exceeds @c max_size().
        -: 1306:       */
        -: 1307:      void
        -: 1308:      insert(iterator __p, initializer_list<_CharT> __l)
        -: 1309:      {
        -: 1310:	_GLIBCXX_DEBUG_PEDASSERT(__p >= begin() && __p <= end());
        -: 1311:	this->insert(__p - begin(), __l.begin(), __l.size());
        -: 1312:      }
        -: 1313:#endif // C++11
        -: 1314:
        -: 1315:      /**
        -: 1316:       *  @brief  Insert value of a string.
        -: 1317:       *  @param __pos1  Iterator referencing location in string to insert at.
        -: 1318:       *  @param __str  The string to insert.
        -: 1319:       *  @return  Reference to this string.
        -: 1320:       *  @throw  std::length_error  If new length exceeds @c max_size().
        -: 1321:       *
        -: 1322:       *  Inserts value of @a __str starting at @a __pos1.  If adding
        -: 1323:       *  characters causes the length to exceed max_size(),
        -: 1324:       *  length_error is thrown.  The value of the string doesn't
        -: 1325:       *  change if an error is thrown.
        -: 1326:      */
        -: 1327:      basic_string&
        -: 1328:      insert(size_type __pos1, const basic_string& __str)
        -: 1329:      { return this->replace(__pos1, size_type(0),
        -: 1330:			     __str._M_data(), __str.size()); }
        -: 1331:
        -: 1332:      /**
        -: 1333:       *  @brief  Insert a substring.
        -: 1334:       *  @param __pos1  Iterator referencing location in string to insert at.
        -: 1335:       *  @param __str  The string to insert.
        -: 1336:       *  @param __pos2  Start of characters in str to insert.
        -: 1337:       *  @param __n  Number of characters to insert.
        -: 1338:       *  @return  Reference to this string.
        -: 1339:       *  @throw  std::length_error  If new length exceeds @c max_size().
        -: 1340:       *  @throw  std::out_of_range  If @a pos1 > size() or
        -: 1341:       *  @a __pos2 > @a str.size().
        -: 1342:       *
        -: 1343:       *  Starting at @a pos1, insert @a __n character of @a __str
        -: 1344:       *  beginning with @a __pos2.  If adding characters causes the
        -: 1345:       *  length to exceed max_size(), length_error is thrown.  If @a
        -: 1346:       *  __pos1 is beyond the end of this string or @a __pos2 is
        -: 1347:       *  beyond the end of @a __str, out_of_range is thrown.  The
        -: 1348:       *  value of the string doesn't change if an error is thrown.
        -: 1349:      */
        -: 1350:      basic_string&
        -: 1351:      insert(size_type __pos1, const basic_string& __str,
        -: 1352:	     size_type __pos2, size_type __n)
        -: 1353:      { return this->replace(__pos1, size_type(0), __str._M_data()
        -: 1354:			     + __str._M_check(__pos2, "basic_string::insert"),
        -: 1355:			     __str._M_limit(__pos2, __n)); }
        -: 1356:
        -: 1357:      /**
        -: 1358:       *  @brief  Insert a C substring.
        -: 1359:       *  @param __pos  Iterator referencing location in string to insert at.
        -: 1360:       *  @param __s  The C string to insert.
        -: 1361:       *  @param __n  The number of characters to insert.
        -: 1362:       *  @return  Reference to this string.
        -: 1363:       *  @throw  std::length_error  If new length exceeds @c max_size().
        -: 1364:       *  @throw  std::out_of_range  If @a __pos is beyond the end of this
        -: 1365:       *  string.
        -: 1366:       *
        -: 1367:       *  Inserts the first @a __n characters of @a __s starting at @a
        -: 1368:       *  __pos.  If adding characters causes the length to exceed
        -: 1369:       *  max_size(), length_error is thrown.  If @a __pos is beyond
        -: 1370:       *  end(), out_of_range is thrown.  The value of the string
        -: 1371:       *  doesn't change if an error is thrown.
        -: 1372:      */
        -: 1373:      basic_string&
        -: 1374:      insert(size_type __pos, const _CharT* __s, size_type __n)
        -: 1375:      { return this->replace(__pos, size_type(0), __s, __n); }
        -: 1376:
        -: 1377:      /**
        -: 1378:       *  @brief  Insert a C string.
        -: 1379:       *  @param __pos  Iterator referencing location in string to insert at.
        -: 1380:       *  @param __s  The C string to insert.
        -: 1381:       *  @return  Reference to this string.
        -: 1382:       *  @throw  std::length_error  If new length exceeds @c max_size().
        -: 1383:       *  @throw  std::out_of_range  If @a pos is beyond the end of this
        -: 1384:       *  string.
        -: 1385:       *
        -: 1386:       *  Inserts the first @a n characters of @a __s starting at @a __pos.  If
        -: 1387:       *  adding characters causes the length to exceed max_size(),
        -: 1388:       *  length_error is thrown.  If @a __pos is beyond end(), out_of_range is
        -: 1389:       *  thrown.  The value of the string doesn't change if an error is
        -: 1390:       *  thrown.
        -: 1391:      */
        -: 1392:      basic_string&
        -: 1393:      insert(size_type __pos, const _CharT* __s)
        -: 1394:      {
        -: 1395:	__glibcxx_requires_string(__s);
        -: 1396:	return this->replace(__pos, size_type(0), __s,
        -: 1397:			     traits_type::length(__s));
        -: 1398:      }
        -: 1399:
        -: 1400:      /**
        -: 1401:       *  @brief  Insert multiple characters.
        -: 1402:       *  @param __pos  Index in string to insert at.
        -: 1403:       *  @param __n  Number of characters to insert
        -: 1404:       *  @param __c  The character to insert.
        -: 1405:       *  @return  Reference to this string.
        -: 1406:       *  @throw  std::length_error  If new length exceeds @c max_size().
        -: 1407:       *  @throw  std::out_of_range  If @a __pos is beyond the end of this
        -: 1408:       *  string.
        -: 1409:       *
        -: 1410:       *  Inserts @a __n copies of character @a __c starting at index
        -: 1411:       *  @a __pos.  If adding characters causes the length to exceed
        -: 1412:       *  max_size(), length_error is thrown.  If @a __pos > length(),
        -: 1413:       *  out_of_range is thrown.  The value of the string doesn't
        -: 1414:       *  change if an error is thrown.
        -: 1415:      */
        -: 1416:      basic_string&
        -: 1417:      insert(size_type __pos, size_type __n, _CharT __c)
        -: 1418:      { return _M_replace_aux(_M_check(__pos, "basic_string::insert"),
        -: 1419:			      size_type(0), __n, __c); }
        -: 1420:
        -: 1421:      /**
        -: 1422:       *  @brief  Insert one character.
        -: 1423:       *  @param __p  Iterator referencing position in string to insert at.
        -: 1424:       *  @param __c  The character to insert.
        -: 1425:       *  @return  Iterator referencing newly inserted char.
        -: 1426:       *  @throw  std::length_error  If new length exceeds @c max_size().
        -: 1427:       *
        -: 1428:       *  Inserts character @a __c at position referenced by @a __p.
        -: 1429:       *  If adding character causes the length to exceed max_size(),
        -: 1430:       *  length_error is thrown.  If @a __p is beyond end of string,
        -: 1431:       *  out_of_range is thrown.  The value of the string doesn't
        -: 1432:       *  change if an error is thrown.
        -: 1433:      */
        -: 1434:      iterator
        -: 1435:      insert(__const_iterator __p, _CharT __c)
        -: 1436:      {
        -: 1437:	_GLIBCXX_DEBUG_PEDASSERT(__p >= begin() && __p <= end());
        -: 1438:	const size_type __pos = __p - begin();
        -: 1439:	_M_replace_aux(__pos, size_type(0), size_type(1), __c);
        -: 1440:	return iterator(_M_data() + __pos);
        -: 1441:      }
        -: 1442:
        -: 1443:      /**
        -: 1444:       *  @brief  Remove characters.
        -: 1445:       *  @param __pos  Index of first character to remove (default 0).
        -: 1446:       *  @param __n  Number of characters to remove (default remainder).
        -: 1447:       *  @return  Reference to this string.
        -: 1448:       *  @throw  std::out_of_range  If @a pos is beyond the end of this
        -: 1449:       *  string.
        -: 1450:       *
        -: 1451:       *  Removes @a __n characters from this string starting at @a
        -: 1452:       *  __pos.  The length of the string is reduced by @a __n.  If
        -: 1453:       *  there are < @a __n characters to remove, the remainder of
        -: 1454:       *  the string is truncated.  If @a __p is beyond end of string,
        -: 1455:       *  out_of_range is thrown.  The value of the string doesn't
        -: 1456:       *  change if an error is thrown.
        -: 1457:      */
        -: 1458:      basic_string&
        -: 1459:      erase(size_type __pos = 0, size_type __n = npos)
        -: 1460:      {
        -: 1461:	this->_M_erase(_M_check(__pos, "basic_string::erase"),
        -: 1462:		       _M_limit(__pos, __n));
        -: 1463:	return *this;
        -: 1464:      }
        -: 1465:
        -: 1466:      /**
        -: 1467:       *  @brief  Remove one character.
        -: 1468:       *  @param __position  Iterator referencing the character to remove.
        -: 1469:       *  @return  iterator referencing same location after removal.
        -: 1470:       *
        -: 1471:       *  Removes the character at @a __position from this string. The value
        -: 1472:       *  of the string doesn't change if an error is thrown.
        -: 1473:      */
        -: 1474:      iterator
        -: 1475:      erase(__const_iterator __position)
        -: 1476:      {
        -: 1477:	_GLIBCXX_DEBUG_PEDASSERT(__position >= begin()
        -: 1478:				 && __position < end());
        -: 1479:	const size_type __pos = __position - begin();
        -: 1480:	this->_M_erase(__pos, size_type(1));
        -: 1481:	return iterator(_M_data() + __pos);
        -: 1482:      }
        -: 1483:
        -: 1484:      /**
        -: 1485:       *  @brief  Remove a range of characters.
        -: 1486:       *  @param __first  Iterator referencing the first character to remove.
        -: 1487:       *  @param __last  Iterator referencing the end of the range.
        -: 1488:       *  @return  Iterator referencing location of first after removal.
        -: 1489:       *
        -: 1490:       *  Removes the characters in the range [first,last) from this string.
        -: 1491:       *  The value of the string doesn't change if an error is thrown.
        -: 1492:      */
        -: 1493:      iterator
        -: 1494:      erase(__const_iterator __first, __const_iterator __last)
        -: 1495:      {
        -: 1496:	_GLIBCXX_DEBUG_PEDASSERT(__first >= begin() && __first <= __last
        -: 1497:				 && __last <= end());
        -: 1498:        const size_type __pos = __first - begin();
        -: 1499:	this->_M_erase(__pos, __last - __first);
        -: 1500:	return iterator(this->_M_data() + __pos);
        -: 1501:      }
        -: 1502:
        -: 1503:#if __cplusplus >= 201103L
        -: 1504:      /**
        -: 1505:       *  @brief  Remove the last character.
        -: 1506:       *
        -: 1507:       *  The string must be non-empty.
        -: 1508:       */
        -: 1509:      void
        -: 1510:      pop_back() noexcept
        -: 1511:      { _M_erase(size()-1, 1); }
        -: 1512:#endif // C++11
        -: 1513:
        -: 1514:      /**
        -: 1515:       *  @brief  Replace characters with value from another string.
        -: 1516:       *  @param __pos  Index of first character to replace.
        -: 1517:       *  @param __n  Number of characters to be replaced.
        -: 1518:       *  @param __str  String to insert.
        -: 1519:       *  @return  Reference to this string.
        -: 1520:       *  @throw  std::out_of_range  If @a pos is beyond the end of this
        -: 1521:       *  string.
        -: 1522:       *  @throw  std::length_error  If new length exceeds @c max_size().
        -: 1523:       *
        -: 1524:       *  Removes the characters in the range [__pos,__pos+__n) from
        -: 1525:       *  this string.  In place, the value of @a __str is inserted.
        -: 1526:       *  If @a __pos is beyond end of string, out_of_range is thrown.
        -: 1527:       *  If the length of the result exceeds max_size(), length_error
        -: 1528:       *  is thrown.  The value of the string doesn't change if an
        -: 1529:       *  error is thrown.
        -: 1530:      */
        -: 1531:      basic_string&
        -: 1532:      replace(size_type __pos, size_type __n, const basic_string& __str)
        -: 1533:      { return this->replace(__pos, __n, __str._M_data(), __str.size()); }
        -: 1534:
        -: 1535:      /**
        -: 1536:       *  @brief  Replace characters with value from another string.
        -: 1537:       *  @param __pos1  Index of first character to replace.
        -: 1538:       *  @param __n1  Number of characters to be replaced.
        -: 1539:       *  @param __str  String to insert.
        -: 1540:       *  @param __pos2  Index of first character of str to use.
        -: 1541:       *  @param __n2  Number of characters from str to use.
        -: 1542:       *  @return  Reference to this string.
        -: 1543:       *  @throw  std::out_of_range  If @a __pos1 > size() or @a __pos2 >
        -: 1544:       *  __str.size().
        -: 1545:       *  @throw  std::length_error  If new length exceeds @c max_size().
        -: 1546:       *
        -: 1547:       *  Removes the characters in the range [__pos1,__pos1 + n) from this
        -: 1548:       *  string.  In place, the value of @a __str is inserted.  If @a __pos is
        -: 1549:       *  beyond end of string, out_of_range is thrown.  If the length of the
        -: 1550:       *  result exceeds max_size(), length_error is thrown.  The value of the
        -: 1551:       *  string doesn't change if an error is thrown.
        -: 1552:      */
        -: 1553:      basic_string&
        -: 1554:      replace(size_type __pos1, size_type __n1, const basic_string& __str,
        -: 1555:	      size_type __pos2, size_type __n2)
        -: 1556:      { return this->replace(__pos1, __n1, __str._M_data()
        -: 1557:			     + __str._M_check(__pos2, "basic_string::replace"),
        -: 1558:			     __str._M_limit(__pos2, __n2)); }
        -: 1559:
        -: 1560:      /**
        -: 1561:       *  @brief  Replace characters with value of a C substring.
        -: 1562:       *  @param __pos  Index of first character to replace.
        -: 1563:       *  @param __n1  Number of characters to be replaced.
        -: 1564:       *  @param __s  C string to insert.
        -: 1565:       *  @param __n2  Number of characters from @a s to use.
        -: 1566:       *  @return  Reference to this string.
        -: 1567:       *  @throw  std::out_of_range  If @a pos1 > size().
[...]
        -: 5155:    basic_istream<_CharT, _Traits>&
        -: 5156:    operator>>(basic_istream<_CharT, _Traits>& __is,
        -: 5157:	       basic_string<_CharT, _Traits, _Alloc>& __str);
        -: 5158:
        -: 5159:  template<>
        -: 5160:    basic_istream<char>&
        -: 5161:    operator>>(basic_istream<char>& __is, basic_string<char>& __str);
        -: 5162:
        -: 5163:  /**
        -: 5164:   *  @brief  Write string to a stream.
        -: 5165:   *  @param __os  Output stream.
        -: 5166:   *  @param __str  String to write out.
        -: 5167:   *  @return  Reference to the output stream.
        -: 5168:   *
        -: 5169:   *  Output characters of @a __str into os following the same rules as for
        -: 5170:   *  writing a C string.
        -: 5171:   */
        -: 5172:  template<typename _CharT, typename _Traits, typename _Alloc>
        -: 5173:    inline basic_ostream<_CharT, _Traits>&
        -: 5174:    operator<<(basic_ostream<_CharT, _Traits>& __os,
        -: 5175:	       const basic_string<_CharT, _Traits, _Alloc>& __str)
        -: 5176:    {
        -: 5177:      // _GLIBCXX_RESOLVE_LIB_DEFECTS
        -: 5178:      // 586. string inserter not a formatted function
        -: 5179:      return __ostream_insert(__os, __str.data(), __str.size());
        -: 5180:    }
        -: 5181:
        -: 5182:  /**
        -: 5183:   *  @brief  Read a line from stream into a string.
        -: 5184:   *  @param __is  Input stream.
        -: 5185:   *  @param __str  Buffer to store into.
        -: 5186:   *  @param __delim  Character marking end of line.
        -: 5187:   *  @return  Reference to the input stream.
        -: 5188:   *
        -: 5189:   *  Stores characters from @a __is into @a __str until @a __delim is
        -: 5190:   *  found, the end of the stream is encountered, or str.max_size()
        -: 5191:   *  is reached.  Any previous contents of @a __str are erased.  If
        -: 5192:   *  @a __delim is encountered, it is extracted but not stored into
        -: 5193:   *  @a __str.
        -: 5194:   */
        -: 5195:  template<typename _CharT, typename _Traits, typename _Alloc>
        -: 5196:    basic_istream<_CharT, _Traits>&
        -: 5197:    getline(basic_istream<_CharT, _Traits>& __is,
        -: 5198:	    basic_string<_CharT, _Traits, _Alloc>& __str, _CharT __delim);
        -: 5199:
        -: 5200:  /**
        -: 5201:   *  @brief  Read a line from stream into a string.
        -: 5202:   *  @param __is  Input stream.
        -: 5203:   *  @param __str  Buffer to store into.
        -: 5204:   *  @return  Reference to the input stream.
        -: 5205:   *
        -: 5206:   *  Stores characters from is into @a __str until &apos;\n&apos; is
        -: 5207:   *  found, the end of the stream is encountered, or str.max_size()
        -: 5208:   *  is reached.  Any previous contents of @a __str are erased.  If
        -: 5209:   *  end of line is encountered, it is extracted but not stored into
        -: 5210:   *  @a __str.
        -: 5211:   */
        -: 5212:  template<typename _CharT, typename _Traits, typename _Alloc>
        -: 5213:    inline basic_istream<_CharT, _Traits>&
        -: 5214:    getline(basic_istream<_CharT, _Traits>& __is,
        -: 5215:	    basic_string<_CharT, _Traits, _Alloc>& __str)
        -: 5216:    { return std::getline(__is, __str, __is.widen('\n')); }
        -: 5217:
        -: 5218:#if __cplusplus >= 201103L
        -: 5219:  /// Read a line from an rvalue stream into a string.
        -: 5220:  template<typename _CharT, typename _Traits, typename _Alloc>
        -: 5221:    inline basic_istream<_CharT, _Traits>&
        -: 5222:    getline(basic_istream<_CharT, _Traits>&& __is,
        -: 5223:	    basic_string<_CharT, _Traits, _Alloc>& __str, _CharT __delim)
        -: 5224:    { return std::getline(__is, __str, __delim); }
        -: 5225:
        -: 5226:  /// Read a line from an rvalue stream into a string.
        -: 5227:  template<typename _CharT, typename _Traits, typename _Alloc>
        -: 5228:    inline basic_istream<_CharT, _Traits>&
        -: 5229:    getline(basic_istream<_CharT, _Traits>&& __is,
        -: 5230:	    basic_string<_CharT, _Traits, _Alloc>& __str)
        -: 5231:    { return std::getline(__is, __str); }
        -: 5232:#endif
        -: 5233:
        -: 5234:  template<>
        -: 5235:    basic_istream<char>&
        -: 5236:    getline(basic_istream<char>& __in, basic_string<char>& __str,
        -: 5237:	    char __delim);
        -: 5238:
        -: 5239:#ifdef _GLIBCXX_USE_WCHAR_T
        -: 5240:  template<>
        -: 5241:    basic_istream<wchar_t>&
        -: 5242:    getline(basic_istream<wchar_t>& __in, basic_string<wchar_t>& __str,
        -: 5243:	    wchar_t __delim);
        -: 5244:#endif  
        -: 5245:
        -: 5246:_GLIBCXX_END_NAMESPACE_VERSION
        -: 5247:} // namespace
        -: 5248:
        -: 5249:#if __cplusplus >= 201103L && defined(_GLIBCXX_USE_C99)
        -: 5250:
        -: 5251:#include <ext/string_conversions.h>
        -: 5252:
        -: 5253:namespace std _GLIBCXX_VISIBILITY(default)
        -: 5254:{
        -: 5255:_GLIBCXX_BEGIN_NAMESPACE_VERSION
        -: 5256:_GLIBCXX_BEGIN_NAMESPACE_CXX11
        -: 5257:
        -: 5258:  // 21.4 Numeric Conversions [string.conversions].
        -: 5259:  inline int
        -: 5260:  stoi(const string& __str, size_t* __idx = 0, int __base = 10)
        -: 5261:  { return __gnu_cxx::__stoa<long, int>(&std::strtol, "stoi", __str.c_str(),
        -: 5262:					__idx, __base); }
        -: 5263:
        -: 5264:  inline long
        -: 5265:  stol(const string& __str, size_t* __idx = 0, int __base = 10)
        -: 5266:  { return __gnu_cxx::__stoa(&std::strtol, "stol", __str.c_str(),
        -: 5267:			     __idx, __base); }
        -: 5268:
        -: 5269:  inline unsigned long
        -: 5270:  stoul(const string& __str, size_t* __idx = 0, int __base = 10)
        -: 5271:  { return __gnu_cxx::__stoa(&std::strtoul, "stoul", __str.c_str(),
        -: 5272:			     __idx, __base); }
        -: 5273:
        -: 5274:  inline long long
        -: 5275:  stoll(const string& __str, size_t* __idx = 0, int __base = 10)
        -: 5276:  { return __gnu_cxx::__stoa(&std::strtoll, "stoll", __str.c_str(),
        -: 5277:			     __idx, __base); }
        -: 5278:
        -: 5279:  inline unsigned long long
        -: 5280:  stoull(const string& __str, size_t* __idx = 0, int __base = 10)
        -: 5281:  { return __gnu_cxx::__stoa(&std::strtoull, "stoull", __str.c_str(),
        -: 5282:			     __idx, __base); }
        -: 5283:
        -: 5284:  // NB: strtof vs strtod.
        -: 5285:  inline float
        -: 5286:  stof(const string& __str, size_t* __idx = 0)
        -: 5287:  { return __gnu_cxx::__stoa(&std::strtof, "stof", __str.c_str(), __idx); }
        -: 5288:
        -: 5289:  inline double
        -: 5290:  stod(const string& __str, size_t* __idx = 0)
        -: 5291:  { return __gnu_cxx::__stoa(&std::strtod, "stod", __str.c_str(), __idx); }
        -: 5292:
        -: 5293:  inline long double
        -: 5294:  stold(const string& __str, size_t* __idx = 0)
        -: 5295:  { return __gnu_cxx::__stoa(&std::strtold, "stold", __str.c_str(), __idx); }
        -: 5296:
        -: 5297:  // NB: (v)snprintf vs sprintf.
        -: 5298:
        -: 5299:  // DR 1261.
        -: 5300:  inline string
        -: 5301:  to_string(int __val)
        -: 5302:  { return __gnu_cxx::__to_xstring<string>(&std::vsnprintf, 4 * sizeof(int),
        -: 5303:					   "%d", __val); }
        -: 5304:
        -: 5305:  inline string
        -: 5306:  to_string(unsigned __val)
        -: 5307:  { return __gnu_cxx::__to_xstring<string>(&std::vsnprintf,
        -: 5308:					   4 * sizeof(unsigned),
        -: 5309:					   "%u", __val); }
        -: 5310:
        -: 5311:  inline string
        -: 5312:  to_string(long __val)
        -: 5313:  { return __gnu_cxx::__to_xstring<string>(&std::vsnprintf, 4 * sizeof(long),
        -: 5314:					   "%ld", __val); }
        -: 5315:
        -: 5316:  inline string
        -: 5317:  to_string(unsigned long __val)
        -: 5318:  { return __gnu_cxx::__to_xstring<string>(&std::vsnprintf,
        -: 5319:					   4 * sizeof(unsigned long),
        -: 5320:					   "%lu", __val); }
        -: 5321:
        -: 5322:  inline string
        -: 5323:  to_string(long long __val)
        -: 5324:  { return __gnu_cxx::__to_xstring<string>(&std::vsnprintf,
        -: 5325:					   4 * sizeof(long long),
        -: 5326:					   "%lld", __val); }
        -: 5327:
        -: 5328:  inline string
        -: 5329:  to_string(unsigned long long __val)
        -: 5330:  { return __gnu_cxx::__to_xstring<string>(&std::vsnprintf,
        -: 5331:					   4 * sizeof(unsigned long long),
        -: 5332:					   "%llu", __val); }
        -: 5333:
        -: 5334:  inline string
        -: 5335:  to_string(float __val)
        -: 5336:  {
        -: 5337:    const int __n = 
        -: 5338:      __gnu_cxx::__numeric_traits<float>::__max_exponent10 + 20;
        -: 5339:    return __gnu_cxx::__to_xstring<string>(&std::vsnprintf, __n,
        -: 5340:					   "%f", __val);
        -: 5341:  }
        -: 5342:
        -: 5343:  inline string
        -: 5344:  to_string(double __val)
        -: 5345:  {
        -: 5346:    const int __n = 
        -: 5347:      __gnu_cxx::__numeric_traits<double>::__max_exponent10 + 20;
        -: 5348:    return __gnu_cxx::__to_xstring<string>(&std::vsnprintf, __n,
        -: 5349:					   "%f", __val);
        -: 5350:  }
        -: 5351:
        -: 5352:  inline string
        -: 5353:  to_string(long double __val)
        -: 5354:  {
        -: 5355:    const int __n = 
        -: 5356:      __gnu_cxx::__numeric_traits<long double>::__max_exponent10 + 20;
        -: 5357:    return __gnu_cxx::__to_xstring<string>(&std::vsnprintf, __n,
        -: 5358:					   "%Lf", __val);
        -: 5359:  }
        -: 5360:
        -: 5361:#ifdef _GLIBCXX_USE_WCHAR_T
        -: 5362:  inline int 
        -: 5363:  stoi(const wstring& __str, size_t* __idx = 0, int __base = 10)
        -: 5364:  { return __gnu_cxx::__stoa<long, int>(&std::wcstol, "stoi", __str.c_str(),
        -: 5365:					__idx, __base); }
        -: 5366:
        -: 5367:  inline long 
        -: 5368:  stol(const wstring& __str, size_t* __idx = 0, int __base = 10)
        -: 5369:  { return __gnu_cxx::__stoa(&std::wcstol, "stol", __str.c_str(),
        -: 5370:			     __idx, __base); }
        -: 5371:
        -: 5372:  inline unsigned long
        -: 5373:  stoul(const wstring& __str, size_t* __idx = 0, int __base = 10)
        -: 5374:  { return __gnu_cxx::__stoa(&std::wcstoul, "stoul", __str.c_str(),
        -: 5375:			     __idx, __base); }
        -: 5376:
        -: 5377:  inline long long
        -: 5378:  stoll(const wstring& __str, size_t* __idx = 0, int __base = 10)
        -: 5379:  { return __gnu_cxx::__stoa(&std::wcstoll, "stoll", __str.c_str(),
        -: 5380:			     __idx, __base); }
        -: 5381:
        -: 5382:  inline unsigned long long
        -: 5383:  stoull(const wstring& __str, size_t* __idx = 0, int __base = 10)
        -: 5384:  { return __gnu_cxx::__stoa(&std::wcstoull, "stoull", __str.c_str(),
        -: 5385:			     __idx, __base); }
        -: 5386:
        -: 5387:  // NB: wcstof vs wcstod.
        -: 5388:  inline float
        -: 5389:  stof(const wstring& __str, size_t* __idx = 0)
        -: 5390:  { return __gnu_cxx::__stoa(&std::wcstof, "stof", __str.c_str(), __idx); }
        -: 5391:
        -: 5392:  inline double
        -: 5393:  stod(const wstring& __str, size_t* __idx = 0)
        -: 5394:  { return __gnu_cxx::__stoa(&std::wcstod, "stod", __str.c_str(), __idx); }
        -: 5395:
        -: 5396:  inline long double
        -: 5397:  stold(const wstring& __str, size_t* __idx = 0)
        -: 5398:  { return __gnu_cxx::__stoa(&std::wcstold, "stold", __str.c_str(), __idx); }
        -: 5399:
        -: 5400:#ifndef _GLIBCXX_HAVE_BROKEN_VSWPRINTF
        -: 5401:  // DR 1261.
        -: 5402:  inline wstring
        -: 5403:  to_wstring(int __val)
        -: 5404:  { return __gnu_cxx::__to_xstring<wstring>(&std::vswprintf, 4 * sizeof(int),
        -: 5405:					    L"%d", __val); }
        -: 5406:
        -: 5407:  inline wstring
        -: 5408:  to_wstring(unsigned __val)
        -: 5409:  { return __gnu_cxx::__to_xstring<wstring>(&std::vswprintf,
        -: 5410:					    4 * sizeof(unsigned),
        -: 5411:					    L"%u", __val); }
        -: 5412:
        -: 5413:  inline wstring
        -: 5414:  to_wstring(long __val)
        -: 5415:  { return __gnu_cxx::__to_xstring<wstring>(&std::vswprintf, 4 * sizeof(long),
        -: 5416:					    L"%ld", __val); }
        -: 5417:
        -: 5418:  inline wstring
        -: 5419:  to_wstring(unsigned long __val)
        -: 5420:  { return __gnu_cxx::__to_xstring<wstring>(&std::vswprintf,
        -: 5421:					    4 * sizeof(unsigned long),
        -: 5422:					    L"%lu", __val); }
        -: 5423:
        -: 5424:  inline wstring
        -: 5425:  to_wstring(long long __val)
        -: 5426:  { return __gnu_cxx::__to_xstring<wstring>(&std::vswprintf,
        -: 5427:					    4 * sizeof(long long),
        -: 5428:					    L"%lld", __val); }
        -: 5429:
        -: 5430:  inline wstring
        -: 5431:  to_wstring(unsigned long long __val)
        -: 5432:  { return __gnu_cxx::__to_xstring<wstring>(&std::vswprintf,
        -: 5433:					    4 * sizeof(unsigned long long),
        -: 5434:					    L"%llu", __val); }
        -: 5435:
        -: 5436:  inline wstring
        -: 5437:  to_wstring(float __val)
        -: 5438:  {
        -: 5439:    const int __n =
        -: 5440:      __gnu_cxx::__numeric_traits<float>::__max_exponent10 + 20;
        -: 5441:    return __gnu_cxx::__to_xstring<wstring>(&std::vswprintf, __n,
        -: 5442:					    L"%f", __val);
        -: 5443:  }
        -: 5444:
        -: 5445:  inline wstring
        -: 5446:  to_wstring(double __val)
        -: 5447:  {
        -: 5448:    const int __n =
        -: 5449:      __gnu_cxx::__numeric_traits<double>::__max_exponent10 + 20;
        -: 5450:    return __gnu_cxx::__to_xstring<wstring>(&std::vswprintf, __n,
        -: 5451:					    L"%f", __val);
        -: 5452:  }
        -: 5453:
        -: 5454:  inline wstring
        -: 5455:  to_wstring(long double __val)
        -: 5456:  {
        -: 5457:    const int __n =
        -: 5458:      __gnu_cxx::__numeric_traits<long double>::__max_exponent10 + 20;
        -: 5459:    return __gnu_cxx::__to_xstring<wstring>(&std::vswprintf, __n,
        -: 5460:					    L"%Lf", __val);
        -: 5461:  }
        -: 5462:#endif // _GLIBCXX_HAVE_BROKEN_VSWPRINTF
        -: 5463:#endif
        -: 5464:
        -: 5465:_GLIBCXX_END_NAMESPACE_CXX11
        -: 5466:_GLIBCXX_END_NAMESPACE_VERSION
        -: 5467:} // namespace
        -: 5468:
        -: 5469:#endif /* C++11 && _GLIBCXX_USE_C99 ... */
        -: 5470:
        -: 5471:#if __cplusplus >= 201103L
        -: 5472:
        -: 5473:#include <bits/functional_hash.h>
        -: 5474:
        -: 5475:namespace std _GLIBCXX_VISIBILITY(default)
        -: 5476:{
        -: 5477:_GLIBCXX_BEGIN_NAMESPACE_VERSION
        -: 5478:
        -: 5479:  // DR 1182.
        -: 5480:
        -: 5481:#ifndef _GLIBCXX_COMPATIBILITY_CXX0X
        -: 5482:  /// std::hash specialization for string.
        -: 5483:  template<>
        -: 5484:    struct hash<string>
        -: 5485:    : public __hash_base<size_t, string>
        -: 5486:    {
        -: 5487:      size_t
        -: 5488:      operator()(const string& __s) const noexcept
        -: 5489:      { return std::_Hash_impl::hash(__s.data(), __s.length()); }
        -: 5490:    };
        -: 5491:
        -: 5492:  template<>
        -: 5493:    struct __is_fast_hash<hash<string>> : std::false_type
        -: 5494:    { };
        -: 5495:
        -: 5496:#ifdef _GLIBCXX_USE_WCHAR_T
        -: 5497:  /// std::hash specialization for wstring.
        -: 5498:  template<>
        -: 5499:    struct hash<wstring>
        -: 5500:    : public __hash_base<size_t, wstring>
        -: 5501:    {
        -: 5502:      size_t
        -: 5503:      operator()(const wstring& __s) const noexcept
        -: 5504:      { return std::_Hash_impl::hash(__s.data(),
        -: 5505:                                     __s.length() * sizeof(wchar_t)); }
        -: 5506:    };
        -: 5507:
        -: 5508:  template<>
        -: 5509:    struct __is_fast_hash<hash<wstring>> : std::false_type
        -: 5510:    { };
        -: 5511:#endif
        -: 5512:#endif /* _GLIBCXX_COMPATIBILITY_CXX0X */
        -: 5513:
        -: 5514:#ifdef _GLIBCXX_USE_C99_STDINT_TR1
        -: 5515:  /// std::hash specialization for u16string.
        -: 5516:  template<>
        -: 5517:    struct hash<u16string>
        -: 5518:    : public __hash_base<size_t, u16string>
        -: 5519:    {
        -: 5520:      size_t
        -: 5521:      operator()(const u16string& __s) const noexcept
        -: 5522:      { return std::_Hash_impl::hash(__s.data(),
        -: 5523:                                     __s.length() * sizeof(char16_t)); }
        -: 5524:    };
        -: 5525:
        -: 5526:  template<>
        -: 5527:    struct __is_fast_hash<hash<u16string>> : std::false_type
        -: 5528:    { };
        -: 5529:
        -: 5530:  /// std::hash specialization for u32string.
        -: 5531:  template<>
        -: 5532:    struct hash<u32string>
        -: 5533:    : public __hash_base<size_t, u32string>
        -: 5534:    {
        -: 5535:      size_t
        -: 5536:      operator()(const u32string& __s) const noexcept
        -: 5537:      { return std::_Hash_impl::hash(__s.data(),
        -: 5538:                                     __s.length() * sizeof(char32_t)); }
        -: 5539:    };
        -: 5540:
        -: 5541:  template<>
        -: 5542:    struct __is_fast_hash<hash<u32string>> : std::false_type
        -: 5543:    { };
        -: 5544:#endif
        -: 5545:
        -: 5546:#if __cplusplus > 201103L
        -: 5547:
        -: 5548:#define __cpp_lib_string_udls 201304
        -: 5549:
        -: 5550:  inline namespace literals
        -: 5551:  {
        -: 5552:  inline namespace string_literals
        -: 5553:  {
        -: 5554:
        -: 5555:    _GLIBCXX_DEFAULT_ABI_TAG
        -: 5556:    inline basic_string<char>
        -: 5557:    operator""s(const char* __str, size_t __len)
        -: 5558:    { return basic_string<char>{__str, __len}; }
        -: 5559:
        -: 5560:#ifdef _GLIBCXX_USE_WCHAR_T
        -: 5561:    _GLIBCXX_DEFAULT_ABI_TAG
        -: 5562:    inline basic_string<wchar_t>
        -: 5563:    operator""s(const wchar_t* __str, size_t __len)
        -: 5564:    { return basic_string<wchar_t>{__str, __len}; }
        -: 5565:#endif
        -: 5566:
        -: 5567:#ifdef _GLIBCXX_USE_C99_STDINT_TR1
        -: 5568:    _GLIBCXX_DEFAULT_ABI_TAG
        -: 5569:    inline basic_string<char16_t>
        -: 5570:    operator""s(const char16_t* __str, size_t __len)
        -: 5571:    { return basic_string<char16_t>{__str, __len}; }
        -: 5572:
        -: 5573:    _GLIBCXX_DEFAULT_ABI_TAG
        -: 5574:    inline basic_string<char32_t>
        -: 5575:    operator""s(const char32_t* __str, size_t __len)
        -: 5576:    { return basic_string<char32_t>{__str, __len}; }
        -: 5577:#endif
        -: 5578:
        -: 5579:  } // inline namespace string_literals
        -: 5580:  } // inline namespace literals
        -: 5581:
        -: 5582:#endif // __cplusplus > 201103L
        -: 5583:
        -: 5584:_GLIBCXX_END_NAMESPACE_VERSION
        -: 5585:} // namespace std
        -: 5586:
        -: 5587:#endif // C++11
        -: 5588:
        -: 5589:#endif /* _BASIC_STRING_H */
