        -:    0:Source:Copy.c++
        -:    0:Graph:Copy.gcno
        -:    0:Data:Copy.gcda
        -:    0:Runs:1
        -:    0:Programs:1
        -:    1:// --------
        -:    2:// Copy.c++
        -:    3:// --------
        -:    4:
        -:    5:// http://en.cppreference.com/w/cpp/algorithm/copy
        -:    6:
        -:    7:#include <algorithm>  // copy, equal
        -:    8:#include <cassert>    // assert
        -:    9:#include <functional> // function
        -:   10:#include <iostream>   // cout, endl
        -:   11:#include <list>       // list
        -:   12:#include <vector>     // vector
        -:   13:
        -:   14:#include "gtest/gtest.h"
        -:   15:
        -:   16:#include "Copy.h"
        -:   17:
        -:   18:using namespace std;
        -:   19:using namespace testing;
        -:   20:
        -:   21:using CopyListSignature = function<vector<int>::iterator (list<int>::const_iterator, list<int>::const_iterator, vector<int>::iterator)>;
        -:   22:
function _ZN15CopyListFixtureD0Ev called 0 returned 0% blocks executed 0%
function _ZN15CopyListFixtureD2Ev called 4 returned 100% blocks executed 75%
function _ZN15CopyListFixtureC2Ev called 4 returned 100% blocks executed 100%
        8:   23:struct CopyListFixture : TestWithParam<CopyListSignature>
call    0 never executed
call    1 never executed
call    2 returned 100%
branch  3 taken 0% (fallthrough)
branch  4 taken 100%
call    5 never executed
call    6 returned 100%
        -:   24:    {};
        -:   25:
function _Z57gtest_CopyListInstantiationCopyListFixture_EvalGenerator_v called 2 returned 100% blocks executed 100%
        3:   26:INSTANTIATE_TEST_CASE_P(
call    0 returned 100%
call    1 returned 100%
branch  2 taken 100% (fallthrough)
branch  3 taken 0% (throw)
call    4 returned 100%
branch  5 taken 100% (fallthrough)
branch  6 taken 0% (throw)
call    7 returned 100%
branch  8 taken 100% (fallthrough)
branch  9 taken 0% (throw)
call   10 returned 100%
branch 11 taken 100% (fallthrough)
branch 12 taken 0% (throw)
call   13 returned 100%
branch 14 taken 100% (fallthrough)
branch 15 taken 0% (throw)
call   16 returned 100%
call   17 returned 100%
call   18 never executed
call   19 never executed
call   20 returned 100%
call   21 returned 100%
branch 22 taken 100% (fallthrough)
branch 23 taken 0% (throw)
        -:   27:    CopyListInstantiation,
        -:   28:    CopyListFixture,
        -:   29:    Values(
        -:   30:           copy<list<int>::const_iterator, vector<int>::iterator>,
        -:   31:        my_copy<list<int>::const_iterator, vector<int>::iterator>));
        -:   32:
function _ZN27CopyListFixture_test_1_TestD0Ev called 2 returned 100% blocks executed 100%
function _ZN27CopyListFixture_test_1_TestD2Ev called 2 returned 100% blocks executed 75%
function _ZN27CopyListFixture_test_1_Test8TestBodyEv called 2 returned 100% blocks executed 48%
function _ZN27CopyListFixture_test_1_Test13AddToRegistryEv called 1 returned 100% blocks executed 100%
function _ZN27CopyListFixture_test_1_TestC2Ev called 2 returned 100% blocks executed 100%
       10:   33:TEST_P(CopyListFixture, test_1) {
call    0 returned 100%
call    1 returned 100%
call    2 returned 100%
call    3 returned 100%
branch  4 taken 0% (fallthrough)
branch  5 taken 100%
call    6 never executed
call    7 returned 100%
call    8 returned 100%
call    9 returned 100%
call   10 returned 100%
call   11 returned 100%
call   12 returned 100%
call   13 returned 100%
        4:   34:    const list<int>   x = {2, 3, 4};
call    0 returned 100%
call    1 returned 100%
branch  2 taken 100% (fallthrough)
branch  3 taken 0% (throw)
call    4 returned 100%
call    5 never executed
call    6 never executed
call    7 never executed
        4:   35:          vector<int> y(5);
call    0 returned 100%
call    1 returned 100%
branch  2 taken 100% (fallthrough)
branch  3 taken 0% (throw)
call    4 returned 100%
call    5 returned 100%
branch  6 taken 100%
branch  7 taken 0%
call    8 never executed
        2:   36:    vector<int>::iterator p = GetParam()(begin(x), end(x), begin(y) + 1);
call    0 returned 100%
call    1 returned 100%
call    2 returned 100%
call    3 returned 100%
call    4 returned 100%
branch  5 taken 100% (fallthrough)
branch  6 taken 0% (throw)
call    7 returned 100%
branch  8 taken 100% (fallthrough)
branch  9 taken 0% (throw)
        2:   37:    ASSERT_EQ(p, begin(y) + 4);
call    0 returned 100%
call    1 returned 100%
call    2 returned 100%
branch  3 taken 100% (fallthrough)
branch  4 taken 0% (throw)
call    5 returned 100%
branch  6 taken 0% (fallthrough)
branch  7 taken 100%
call    8 never executed
branch  9 never executed
branch 10 never executed
call   11 never executed
branch 12 never executed
branch 13 never executed
call   14 never executed
branch 15 never executed
branch 16 never executed
call   17 never executed
branch 18 never executed
branch 19 never executed
call   20 never executed
call   21 never executed
call   22 returned 100%
branch 23 taken 100%
branch 24 taken 0%
call   25 never executed
call   26 never executed
call   27 never executed
        2:   38:    ASSERT_TRUE(equal(begin(y), end(y), begin({0, 2, 3, 4, 0})));}
call    0 returned 100%
call    1 returned 100%
call    2 returned 100%
call    3 returned 100%
branch  4 taken 100% (fallthrough)
branch  5 taken 0% (throw)
call    6 returned 100%
branch  7 taken 100% (fallthrough)
branch  8 taken 0% (throw)
call    9 returned 100%
branch 10 taken 0% (fallthrough)
branch 11 taken 100%
call   12 never executed
branch 13 never executed
branch 14 never executed
call   15 never executed
branch 16 never executed
branch 17 never executed
call   18 never executed
call   19 never executed
branch 20 never executed
branch 21 never executed
call   22 never executed
branch 23 never executed
branch 24 never executed
call   25 never executed
call   26 never executed
call   27 never executed
call   28 returned 100%
branch 29 taken 100%
branch 30 taken 0%
call   31 returned 100%
branch 32 taken 100%
branch 33 taken 0%
call   34 never executed
call   35 never executed
call   36 never executed
call   37 never executed
        -:   39:
function _ZN27CopyListFixture_test_2_TestD0Ev called 2 returned 100% blocks executed 100%
function _ZN27CopyListFixture_test_2_TestD2Ev called 2 returned 100% blocks executed 75%
function _ZN27CopyListFixture_test_2_Test8TestBodyEv called 2 returned 100% blocks executed 48%
function _ZN27CopyListFixture_test_2_Test13AddToRegistryEv called 1 returned 100% blocks executed 100%
function _ZN27CopyListFixture_test_2_TestC2Ev called 2 returned 100% blocks executed 100%
       10:   40:TEST_P(CopyListFixture, test_2) {
call    0 returned 100%
call    1 returned 100%
call    2 returned 100%
call    3 returned 100%
branch  4 taken 0% (fallthrough)
branch  5 taken 100%
call    6 never executed
call    7 returned 100%
call    8 returned 100%
call    9 returned 100%
call   10 returned 100%
call   11 returned 100%
call   12 returned 100%
call   13 returned 100%
        4:   41:    const list<int>   x = {2, 3, 4, 5};
call    0 returned 100%
call    1 returned 100%
branch  2 taken 100% (fallthrough)
branch  3 taken 0% (throw)
call    4 returned 100%
call    5 never executed
call    6 never executed
call    7 never executed
        4:   42:          vector<int> y(6);
call    0 returned 100%
call    1 returned 100%
branch  2 taken 100% (fallthrough)
branch  3 taken 0% (throw)
call    4 returned 100%
call    5 returned 100%
branch  6 taken 100%
branch  7 taken 0%
call    8 never executed
        2:   43:    vector<int>::iterator p = GetParam()(begin(x), end(x), begin(y) + 1);
call    0 returned 100%
call    1 returned 100%
call    2 returned 100%
call    3 returned 100%
call    4 returned 100%
branch  5 taken 100% (fallthrough)
branch  6 taken 0% (throw)
call    7 returned 100%
branch  8 taken 100% (fallthrough)
branch  9 taken 0% (throw)
        2:   44:    ASSERT_EQ(p, begin(y) + 5);
call    0 returned 100%
call    1 returned 100%
call    2 returned 100%
branch  3 taken 100% (fallthrough)
branch  4 taken 0% (throw)
call    5 returned 100%
branch  6 taken 0% (fallthrough)
branch  7 taken 100%
call    8 never executed
branch  9 never executed
branch 10 never executed
call   11 never executed
branch 12 never executed
branch 13 never executed
call   14 never executed
branch 15 never executed
branch 16 never executed
call   17 never executed
branch 18 never executed
branch 19 never executed
call   20 never executed
call   21 never executed
call   22 returned 100%
branch 23 taken 100%
branch 24 taken 0%
call   25 never executed
call   26 never executed
call   27 never executed
function _GLOBAL__sub_I__Z57gtest_CopyListInstantiationCopyListFixture_EvalGenerator_v called 1 returned 100% blocks executed 100%
function _Z41__static_initialization_and_destruction_0ii called 1 returned 100% blocks executed 85%
        5:   45:    ASSERT_TRUE(equal(begin(y), end(y), begin({0, 2, 3, 4, 5, 0})));}
call    0 returned 100%
branch  1 taken 100% (fallthrough)
branch  2 taken 0%
branch  3 taken 100% (fallthrough)
branch  4 taken 0%
call    5 returned 100%
call    6 returned 100%
call    7 returned 100%
call    8 returned 100%
branch  9 taken 100% (fallthrough)
branch 10 taken 0% (throw)
call   11 returned 100%
branch 12 taken 100% (fallthrough)
branch 13 taken 0% (throw)
call   14 returned 100%
branch 15 taken 0% (fallthrough)
branch 16 taken 100%
call   17 never executed
branch 18 never executed
branch 19 never executed
call   20 never executed
branch 21 never executed
branch 22 never executed
call   23 never executed
call   24 never executed
branch 25 never executed
branch 26 never executed
call   27 never executed
branch 28 never executed
branch 29 never executed
call   30 never executed
call   31 never executed
call   32 never executed
call   33 returned 100%
branch 34 taken 100%
branch 35 taken 0%
call   36 returned 100%
branch 37 taken 100%
branch 38 taken 0%
call   39 never executed
call   40 never executed
call   41 never executed
call   42 never executed
        -:   46:
        -:   47:/*
        -:   48:% Copy
        -:   49:Running main() from gtest_main.cc
        -:   50:[==========] Running 4 tests from 1 test case.
        -:   51:[----------] Global test environment set-up.
        -:   52:[----------] 4 tests from CopyListInstantiation/CopyListFixture
        -:   53:[ RUN      ] CopyListInstantiation/CopyListFixture.test_1/0
        -:   54:[       OK ] CopyListInstantiation/CopyListFixture.test_1/0 (0 ms)
        -:   55:[ RUN      ] CopyListInstantiation/CopyListFixture.test_1/1
        -:   56:[       OK ] CopyListInstantiation/CopyListFixture.test_1/1 (0 ms)
        -:   57:[ RUN      ] CopyListInstantiation/CopyListFixture.test_2/0
        -:   58:[       OK ] CopyListInstantiation/CopyListFixture.test_2/0 (0 ms)
        -:   59:[ RUN      ] CopyListInstantiation/CopyListFixture.test_2/1
        -:   60:[       OK ] CopyListInstantiation/CopyListFixture.test_2/1 (0 ms)
        -:   61:[----------] 4 tests from CopyListInstantiation/CopyListFixture (0 ms total)
        -:   62:
        -:   63:[----------] Global test environment tear-down
        -:   64:[==========] 4 tests from 1 test case ran. (0 ms total)
        -:   65:[  PASSED  ] 4 tests.
        -:   66:*/
