        -:    0:Source:Copy.h
        -:    0:Graph:Copy.gcno
        -:    0:Data:Copy.gcda
        -:    0:Runs:1
        -:    0:Programs:1
        -:    1:// ------
        -:    2:// Copy.h
        -:    3:// ------
        -:    4:
        -:    5:#ifndef Copy_h
        -:    6:#define Copy_h
        -:    7:
        -:    8:template <typename II, typename OI>
function _Z7my_copyISt20_List_const_iteratorIiEN9__gnu_cxx17__normal_iteratorIPiSt6vectorIiSaIiEEEEET0_T_SA_S9_ called 2 returned 100% blocks executed 100%
        9:    9:OI my_copy (II b, II e, OI x) {
       16:   10:    while (b != e) {
call    0 returned 100%
branch  1 taken 78% (fallthrough)
branch  2 taken 22%
        7:   11:        *x = *b;
call    0 returned 100%
call    1 returned 100%
        7:   12:        ++b;
call    0 returned 100%
        7:   13:        ++x;}
call    0 returned 100%
        2:   14:    return x;}
        -:   15:
        -:   16:#endif // Copy_h
