        -:    0:Source:Equal.h
        -:    0:Graph:Equal.gcno
        -:    0:Data:Equal.gcda
        -:    0:Runs:1
        -:    0:Programs:1
        -:    1:// -------
        -:    2:// Equal.h
        -:    3:// -------
        -:    4:
        -:    5:#ifndef Equal_h
        -:    6:#define Equal_h
        -:    7:
        -:    8:template <typename II1, typename II2>
function _Z8my_equalISt20_List_const_iteratorIiEN9__gnu_cxx17__normal_iteratorIPKiSt6vectorIiSaIiEEEEEbT_SA_T0_ called 2 returned 100% blocks executed 100%
        5:    9:bool my_equal (II1 b, II1 e, II2 c) {
        8:   10:    while (b != e) {
call    0 returned 100%
branch  1 taken 80% (fallthrough)
branch  2 taken 20%
        4:   11:        if (*b != *c)
call    0 returned 100%
call    1 returned 100%
branch  2 taken 25% (fallthrough)
branch  3 taken 75%
        1:   12:            return false;
        3:   13:        ++b;
call    0 returned 100%
        3:   14:        ++c;}
call    0 returned 100%
        1:   15:    return true;}
        -:   16:
        -:   17:#endif // Equal_h
