        -:    0:Source:Incr.c++
        -:    0:Graph:Incr.gcno
        -:    0:Data:Incr.gcda
        -:    0:Runs:1
        -:    0:Programs:1
        -:    1:// --------
        -:    2:// Incr.c++
        -:    3:// --------
        -:    4:
        -:    5:// http://en.cppreference.com/w/cpp/language/operator_incdec
        -:    6:
        -:    7:#include "gtest/gtest.h"
        -:    8:
        -:    9:#include "Incr.h"
        -:   10:
function _ZN23IncrFixture_test_1_TestD0Ev called 1 returned 100% blocks executed 100%
function _ZN23IncrFixture_test_1_TestD2Ev called 1 returned 100% blocks executed 75%
function _ZN23IncrFixture_test_1_Test8TestBodyEv called 1 returned 100% blocks executed 35%
function _ZN23IncrFixture_test_1_TestC2Ev called 1 returned 100% blocks executed 100%
        5:   11:TEST(IncrFixture, test_1) {
call    0 returned 100%
call    1 returned 100%
call    2 returned 100%
call    3 returned 100%
call    4 returned 100%
call    5 returned 100%
call    6 returned 100%
branch  7 taken 0% (fallthrough)
branch  8 taken 100%
call    9 never executed
call   10 returned 100%
        1:   12:    int i = 2;
        1:   13:    int j = pre_incr(i);
call    0 returned 100%
        1:   14:    ASSERT_EQ(3, i);
call    0 returned 100%
branch  1 taken 100% (fallthrough)
branch  2 taken 0% (throw)
call    3 returned 100%
branch  4 taken 0% (fallthrough)
branch  5 taken 100%
call    6 never executed
branch  7 never executed
branch  8 never executed
call    9 never executed
branch 10 never executed
branch 11 never executed
call   12 never executed
branch 13 never executed
branch 14 never executed
call   15 never executed
branch 16 never executed
branch 17 never executed
call   18 never executed
call   19 never executed
call   20 returned 100%
branch 21 taken 100%
branch 22 taken 0%
call   23 never executed
call   24 never executed
call   25 never executed
        1:   15:    ASSERT_EQ(3, j);}
call    0 returned 100%
branch  1 taken 100% (fallthrough)
branch  2 taken 0% (throw)
call    3 returned 100%
branch  4 taken 0% (fallthrough)
branch  5 taken 100%
call    6 never executed
branch  7 never executed
branch  8 never executed
call    9 never executed
branch 10 never executed
branch 11 never executed
call   12 never executed
branch 13 never executed
branch 14 never executed
call   15 never executed
branch 16 never executed
branch 17 never executed
call   18 never executed
call   19 never executed
call   20 returned 100%
branch 21 taken 100%
branch 22 taken 0%
call   23 never executed
call   24 never executed
call   25 never executed
        -:   16:
function _ZN23IncrFixture_test_2_TestD0Ev called 1 returned 100% blocks executed 100%
function _ZN23IncrFixture_test_2_TestD2Ev called 1 returned 100% blocks executed 75%
function _ZN23IncrFixture_test_2_Test8TestBodyEv called 1 returned 100% blocks executed 37%
function _ZN23IncrFixture_test_2_TestC2Ev called 1 returned 100% blocks executed 100%
        5:   17:TEST(IncrFixture, test_2) {
call    0 returned 100%
call    1 returned 100%
call    2 returned 100%
call    3 returned 100%
call    4 returned 100%
call    5 returned 100%
call    6 returned 100%
branch  7 taken 0% (fallthrough)
branch  8 taken 100%
call    9 never executed
call   10 returned 100%
        1:   18:    int i = 2;
        1:   19:    int j = pre_incr(pre_incr(i));
call    0 returned 100%
call    1 returned 100%
        1:   20:    ASSERT_EQ(4, i);
call    0 returned 100%
branch  1 taken 100% (fallthrough)
branch  2 taken 0% (throw)
call    3 returned 100%
branch  4 taken 0% (fallthrough)
branch  5 taken 100%
call    6 never executed
branch  7 never executed
branch  8 never executed
call    9 never executed
branch 10 never executed
branch 11 never executed
call   12 never executed
branch 13 never executed
branch 14 never executed
call   15 never executed
branch 16 never executed
branch 17 never executed
call   18 never executed
call   19 never executed
call   20 returned 100%
branch 21 taken 100%
branch 22 taken 0%
call   23 never executed
call   24 never executed
call   25 never executed
        1:   21:    ASSERT_EQ(4, j);}
call    0 returned 100%
branch  1 taken 100% (fallthrough)
branch  2 taken 0% (throw)
call    3 returned 100%
branch  4 taken 0% (fallthrough)
branch  5 taken 100%
call    6 never executed
branch  7 never executed
branch  8 never executed
call    9 never executed
branch 10 never executed
branch 11 never executed
call   12 never executed
branch 13 never executed
branch 14 never executed
call   15 never executed
branch 16 never executed
branch 17 never executed
call   18 never executed
call   19 never executed
call   20 returned 100%
branch 21 taken 100%
branch 22 taken 0%
call   23 never executed
call   24 never executed
call   25 never executed
        -:   22:
function _ZN23IncrFixture_test_3_TestD0Ev called 1 returned 100% blocks executed 100%
function _ZN23IncrFixture_test_3_TestD2Ev called 1 returned 100% blocks executed 75%
function _ZN23IncrFixture_test_3_Test8TestBodyEv called 1 returned 100% blocks executed 35%
function _ZN23IncrFixture_test_3_TestC2Ev called 1 returned 100% blocks executed 100%
        5:   23:TEST(IncrFixture, test_3) {
call    0 returned 100%
call    1 returned 100%
call    2 returned 100%
call    3 returned 100%
call    4 returned 100%
call    5 returned 100%
call    6 returned 100%
branch  7 taken 0% (fallthrough)
branch  8 taken 100%
call    9 never executed
call   10 returned 100%
        1:   24:    int i = 2;
        1:   25:    int j = post_incr(i);
call    0 returned 100%
        1:   26:    ASSERT_EQ(3, i);
call    0 returned 100%
branch  1 taken 100% (fallthrough)
branch  2 taken 0% (throw)
call    3 returned 100%
branch  4 taken 0% (fallthrough)
branch  5 taken 100%
call    6 never executed
branch  7 never executed
branch  8 never executed
call    9 never executed
branch 10 never executed
branch 11 never executed
call   12 never executed
branch 13 never executed
branch 14 never executed
call   15 never executed
branch 16 never executed
branch 17 never executed
call   18 never executed
call   19 never executed
call   20 returned 100%
branch 21 taken 100%
branch 22 taken 0%
call   23 never executed
call   24 never executed
call   25 never executed
        1:   27:    ASSERT_EQ(2, j);}
call    0 returned 100%
branch  1 taken 100% (fallthrough)
branch  2 taken 0% (throw)
call    3 returned 100%
branch  4 taken 0% (fallthrough)
branch  5 taken 100%
call    6 never executed
branch  7 never executed
branch  8 never executed
call    9 never executed
branch 10 never executed
branch 11 never executed
call   12 never executed
branch 13 never executed
branch 14 never executed
call   15 never executed
branch 16 never executed
branch 17 never executed
call   18 never executed
call   19 never executed
call   20 returned 100%
branch 21 taken 100%
branch 22 taken 0%
call   23 never executed
call   24 never executed
call   25 never executed
        -:   28:
function _ZN23IncrFixture_test_4_TestD0Ev called 1 returned 100% blocks executed 100%
function _ZN23IncrFixture_test_4_TestD2Ev called 1 returned 100% blocks executed 75%
function _ZN23IncrFixture_test_4_Test8TestBodyEv called 1 returned 100% blocks executed 38%
function _ZN23IncrFixture_test_4_TestC2Ev called 1 returned 100% blocks executed 100%
        5:   29:TEST(IncrFixture, test_4) {
call    0 returned 100%
call    1 returned 100%
call    2 returned 100%
call    3 returned 100%
call    4 returned 100%
call    5 returned 100%
call    6 returned 100%
branch  7 taken 0% (fallthrough)
branch  8 taken 100%
call    9 never executed
call   10 returned 100%
        1:   30:    int i = 2;
        -:   31://  post_incr(post_incr(i)); // error: no matching function for call to 'post_incr'
function _GLOBAL__sub_I__Z8pre_incrRi called 1 returned 100% blocks executed 100%
function _Z41__static_initialization_and_destruction_0ii called 1 returned 100% blocks executed 100%
        4:   32:    ASSERT_EQ(2, i);}
call    0 returned 100%
branch  1 taken 100% (fallthrough)
branch  2 taken 0%
branch  3 taken 100% (fallthrough)
branch  4 taken 0%
call    5 returned 100%
branch  6 taken 100% (fallthrough)
branch  7 taken 0% (throw)
call    8 returned 100%
branch  9 taken 0% (fallthrough)
branch 10 taken 100%
call   11 never executed
branch 12 never executed
branch 13 never executed
call   14 never executed
branch 15 never executed
branch 16 never executed
call   17 never executed
branch 18 never executed
branch 19 never executed
call   20 never executed
branch 21 never executed
branch 22 never executed
call   23 never executed
call   24 never executed
call   25 returned 100%
branch 26 taken 100%
branch 27 taken 0%
call   28 never executed
call   29 never executed
call   30 never executed
