        -:    0:Source:Vector1.c++
        -:    0:Graph:Vector1.gcno
        -:    0:Data:Vector1.gcda
        -:    0:Runs:1
        -:    0:Programs:1
        -:    1:// -----------
        -:    2:// Vector1.c++
        -:    3:// -----------
        -:    4:
        -:    5:// http://en.cppreference.com/w/cpp/container/vector
        -:    6:
        -:    7:#include <algorithm> // equal
        -:    8:#include <vector>    // vector
        -:    9:
        -:   10:#include "gtest/gtest.h"
        -:   11:
        -:   12:#include "Vector1.h"
        -:   13:
        -:   14:using namespace std;
        -:   15:using namespace testing;
        -:   16:
        -:   17:template <typename T>
function _ZN13VectorFixtureISt6vectorIiSaIiEEED0Ev called 0 returned 0% blocks executed 0%
function _ZN13VectorFixtureISt6vectorIiSaIiEEED2Ev called 4 returned 100% blocks executed 75%
function _ZN13VectorFixtureISt6vectorIiSaIiEEEC2Ev called 4 returned 100% blocks executed 100%
function _ZN13VectorFixtureI9my_vectorIiEED0Ev called 0 returned 0% blocks executed 0%
function _ZN13VectorFixtureI9my_vectorIiEED2Ev called 4 returned 100% blocks executed 75%
function _ZN13VectorFixtureI9my_vectorIiEEC2Ev called 4 returned 100% blocks executed 100%
       16:   18:struct VectorFixture : Test {
call    0 never executed
call    1 never executed
call    2 returned 100%
branch  3 taken 0% (fallthrough)
branch  4 taken 100%
call    5 never executed
call    6 returned 100%
call    7 never executed
call    8 never executed
call    9 returned 100%
branch 10 taken 0% (fallthrough)
branch 11 taken 100%
call   12 never executed
call   13 returned 100%
        -:   19:    using vector_type = T;};
        -:   20:
        -:   21:using
        -:   22:    vector_types =
        -:   23:    Types<
        -:   24:           vector<int>,
        -:   25:        my_vector<int>>;
        -:   26:
        -:   27:TYPED_TEST_CASE(VectorFixture, vector_types);
        -:   28:
function _ZN25VectorFixture_test_1_TestISt6vectorIiSaIiEEE8TestBodyEv called 1 returned 100% blocks executed 44%
function _ZN25VectorFixture_test_1_TestI9my_vectorIiEE8TestBodyEv called 1 returned 100% blocks executed 43%
function _ZN25VectorFixture_test_1_TestISt6vectorIiSaIiEEED0Ev called 1 returned 100% blocks executed 100%
function _ZN25VectorFixture_test_1_TestISt6vectorIiSaIiEEED2Ev called 1 returned 100% blocks executed 75%
function _ZN25VectorFixture_test_1_TestI9my_vectorIiEED0Ev called 1 returned 100% blocks executed 100%
function _ZN25VectorFixture_test_1_TestI9my_vectorIiEED2Ev called 1 returned 100% blocks executed 75%
function _ZN25VectorFixture_test_1_TestISt6vectorIiSaIiEEEC2Ev called 1 returned 100% blocks executed 100%
function _ZN25VectorFixture_test_1_TestI9my_vectorIiEEC2Ev called 1 returned 100% blocks executed 100%
        9:   29:TYPED_TEST(VectorFixture, test_1) {
call    0 returned 100%
call    1 returned 100%
call    2 returned 100%
branch  3 taken 0% (fallthrough)
branch  4 taken 100%
call    5 never executed
call    6 returned 100%
call    7 returned 100%
call    8 returned 100%
branch  9 taken 0% (fallthrough)
branch 10 taken 100%
call   11 never executed
call   12 returned 100%
call   13 returned 100%
call   14 returned 100%
        -:   30:    using vector_type = typename TestFixture::vector_type;
        -:   31:
        4:   32:    vector_type x;
call    0 returned 100%
call    1 never executed
call    2 returned 100%
branch  3 taken 100% (fallthrough)
branch  4 taken 0% (throw)
call    5 never executed
        2:   33:    ASSERT_EQ(0, x.size());}
call    0 returned 100%
call    1 returned 100%
branch  2 taken 100% (fallthrough)
branch  3 taken 0% (throw)
call    4 returned 100%
branch  5 taken 0% (fallthrough)
branch  6 taken 100%
call    7 never executed
branch  8 never executed
branch  9 never executed
call   10 never executed
branch 11 never executed
branch 12 never executed
call   13 never executed
branch 14 never executed
branch 15 never executed
call   16 never executed
branch 17 never executed
branch 18 never executed
call   19 never executed
call   20 never executed
call   21 returned 100%
branch 22 taken 100%
branch 23 taken 0%
call   24 returned 100%
branch 25 taken 100%
branch 26 taken 0%
call   27 never executed
call   28 never executed
call   29 never executed
call   30 returned 100%
call   31 returned 100%
branch 32 taken 100% (fallthrough)
branch 33 taken 0% (throw)
call   34 returned 100%
branch 35 taken 0% (fallthrough)
branch 36 taken 100%
call   37 never executed
branch 38 never executed
branch 39 never executed
call   40 never executed
branch 41 never executed
branch 42 never executed
call   43 never executed
branch 44 never executed
branch 45 never executed
call   46 never executed
branch 47 never executed
branch 48 never executed
call   49 never executed
call   50 never executed
call   51 returned 100%
branch 52 taken 100%
branch 53 taken 0%
call   54 returned 100%
branch 55 taken 100%
branch 56 taken 0%
call   57 never executed
call   58 never executed
call   59 never executed
        -:   34:
function _ZN25VectorFixture_test_2_TestISt6vectorIiSaIiEEE8TestBodyEv called 1 returned 100% blocks executed 40%
function _ZN25VectorFixture_test_2_TestI9my_vectorIiEE8TestBodyEv called 1 returned 100% blocks executed 39%
function _ZN25VectorFixture_test_2_TestISt6vectorIiSaIiEEED0Ev called 1 returned 100% blocks executed 100%
function _ZN25VectorFixture_test_2_TestISt6vectorIiSaIiEEED2Ev called 1 returned 100% blocks executed 75%
function _ZN25VectorFixture_test_2_TestI9my_vectorIiEED0Ev called 1 returned 100% blocks executed 100%
function _ZN25VectorFixture_test_2_TestI9my_vectorIiEED2Ev called 1 returned 100% blocks executed 75%
function _ZN25VectorFixture_test_2_TestISt6vectorIiSaIiEEEC2Ev called 1 returned 100% blocks executed 100%
function _ZN25VectorFixture_test_2_TestI9my_vectorIiEEC2Ev called 1 returned 100% blocks executed 100%
        9:   35:TYPED_TEST(VectorFixture, test_2) {
call    0 returned 100%
call    1 returned 100%
call    2 returned 100%
branch  3 taken 0% (fallthrough)
branch  4 taken 100%
call    5 never executed
call    6 returned 100%
call    7 returned 100%
call    8 returned 100%
branch  9 taken 0% (fallthrough)
branch 10 taken 100%
call   11 never executed
call   12 returned 100%
call   13 returned 100%
call   14 returned 100%
        -:   36:    using vector_type = typename TestFixture::vector_type;
        -:   37:
        4:   38:    vector_type x(3);
call    0 returned 100%
call    1 returned 100%
branch  2 taken 100% (fallthrough)
branch  3 taken 0% (throw)
call    4 returned 100%
call    5 never executed
call    6 never executed
call    7 returned 100%
branch  8 taken 100% (fallthrough)
branch  9 taken 0% (throw)
call   10 never executed
        2:   39:    ASSERT_EQ(3, x.size());
call    0 returned 100%
call    1 returned 100%
branch  2 taken 100% (fallthrough)
branch  3 taken 0% (throw)
call    4 returned 100%
branch  5 taken 0% (fallthrough)
branch  6 taken 100%
call    7 never executed
branch  8 never executed
branch  9 never executed
call   10 never executed
branch 11 never executed
branch 12 never executed
call   13 never executed
branch 14 never executed
branch 15 never executed
call   16 never executed
branch 17 never executed
branch 18 never executed
call   19 never executed
call   20 never executed
call   21 returned 100%
branch 22 taken 100%
branch 23 taken 0%
call   24 never executed
call   25 never executed
call   26 never executed
call   27 returned 100%
call   28 returned 100%
branch 29 taken 100% (fallthrough)
branch 30 taken 0% (throw)
call   31 returned 100%
branch 32 taken 0% (fallthrough)
branch 33 taken 100%
call   34 never executed
branch 35 never executed
branch 36 never executed
call   37 never executed
branch 38 never executed
branch 39 never executed
call   40 never executed
branch 41 never executed
branch 42 never executed
call   43 never executed
branch 44 never executed
branch 45 never executed
call   46 never executed
call   47 never executed
call   48 returned 100%
branch 49 taken 100%
branch 50 taken 0%
call   51 never executed
call   52 never executed
call   53 never executed
        2:   40:    ASSERT_TRUE(equal(begin(x), end(x), begin({0, 0, 0})));
call    0 returned 100%
call    1 returned 100%
call    2 returned 100%
call    3 returned 100%
branch  4 taken 100% (fallthrough)
branch  5 taken 0% (throw)
call    6 returned 100%
branch  7 taken 100% (fallthrough)
branch  8 taken 0% (throw)
call    9 returned 100%
branch 10 taken 0% (fallthrough)
branch 11 taken 100%
call   12 never executed
branch 13 never executed
branch 14 never executed
call   15 never executed
branch 16 never executed
branch 17 never executed
call   18 never executed
call   19 never executed
branch 20 never executed
branch 21 never executed
call   22 never executed
branch 23 never executed
branch 24 never executed
call   25 never executed
call   26 never executed
call   27 never executed
call   28 returned 100%
branch 29 taken 100%
branch 30 taken 0%
call   31 never executed
call   32 never executed
call   33 never executed
call   34 never executed
call   35 returned 100%
call   36 returned 100%
branch 37 taken 100% (fallthrough)
branch 38 taken 0% (throw)
call   39 returned 100%
branch 40 taken 100% (fallthrough)
branch 41 taken 0% (throw)
call   42 returned 100%
branch 43 taken 100% (fallthrough)
branch 44 taken 0% (throw)
call   45 returned 100%
branch 46 taken 100% (fallthrough)
branch 47 taken 0% (throw)
call   48 returned 100%
branch 49 taken 0% (fallthrough)
branch 50 taken 100%
call   51 never executed
branch 52 never executed
branch 53 never executed
call   54 never executed
branch 55 never executed
branch 56 never executed
call   57 never executed
call   58 never executed
branch 59 never executed
branch 60 never executed
call   61 never executed
branch 62 never executed
branch 63 never executed
call   64 never executed
call   65 never executed
call   66 never executed
call   67 returned 100%
branch 68 taken 100%
branch 69 taken 0%
call   70 never executed
call   71 never executed
call   72 never executed
call   73 never executed
        2:   41:    ASSERT_EQ(0, x[1]);
call    0 returned 100%
call    1 returned 100%
branch  2 taken 100% (fallthrough)
branch  3 taken 0% (throw)
call    4 returned 100%
branch  5 taken 0% (fallthrough)
branch  6 taken 100%
call    7 never executed
branch  8 never executed
branch  9 never executed
call   10 never executed
branch 11 never executed
branch 12 never executed
call   13 never executed
branch 14 never executed
branch 15 never executed
call   16 never executed
branch 17 never executed
branch 18 never executed
call   19 never executed
call   20 never executed
call   21 returned 100%
branch 22 taken 100%
branch 23 taken 0%
call   24 never executed
call   25 never executed
call   26 never executed
call   27 returned 100%
call   28 returned 100%
branch 29 taken 100% (fallthrough)
branch 30 taken 0% (throw)
call   31 returned 100%
branch 32 taken 0% (fallthrough)
branch 33 taken 100%
call   34 never executed
branch 35 never executed
branch 36 never executed
call   37 never executed
branch 38 never executed
branch 39 never executed
call   40 never executed
branch 41 never executed
branch 42 never executed
call   43 never executed
branch 44 never executed
branch 45 never executed
call   46 never executed
call   47 never executed
call   48 returned 100%
branch 49 taken 100%
branch 50 taken 0%
call   51 never executed
call   52 never executed
call   53 never executed
        2:   42:    x[1] = 2;
call    0 returned 100%
call    1 returned 100%
        2:   43:    ASSERT_TRUE(equal(begin(x), end(x), begin({0, 2, 0})));
call    0 returned 100%
call    1 returned 100%
call    2 returned 100%
call    3 returned 100%
branch  4 taken 100% (fallthrough)
branch  5 taken 0% (throw)
call    6 returned 100%
branch  7 taken 100% (fallthrough)
branch  8 taken 0% (throw)
call    9 returned 100%
branch 10 taken 0% (fallthrough)
branch 11 taken 100%
call   12 never executed
branch 13 never executed
branch 14 never executed
call   15 never executed
branch 16 never executed
branch 17 never executed
call   18 never executed
call   19 never executed
branch 20 never executed
branch 21 never executed
call   22 never executed
branch 23 never executed
branch 24 never executed
call   25 never executed
call   26 never executed
call   27 never executed
call   28 returned 100%
branch 29 taken 100%
branch 30 taken 0%
call   31 never executed
call   32 never executed
call   33 never executed
call   34 never executed
call   35 returned 100%
call   36 returned 100%
branch 37 taken 100% (fallthrough)
branch 38 taken 0% (throw)
call   39 returned 100%
branch 40 taken 100% (fallthrough)
branch 41 taken 0% (throw)
call   42 returned 100%
branch 43 taken 100% (fallthrough)
branch 44 taken 0% (throw)
call   45 returned 100%
branch 46 taken 100% (fallthrough)
branch 47 taken 0% (throw)
call   48 returned 100%
branch 49 taken 0% (fallthrough)
branch 50 taken 100%
call   51 never executed
branch 52 never executed
branch 53 never executed
call   54 never executed
branch 55 never executed
branch 56 never executed
call   57 never executed
call   58 never executed
branch 59 never executed
branch 60 never executed
call   61 never executed
branch 62 never executed
branch 63 never executed
call   64 never executed
call   65 never executed
call   66 never executed
call   67 returned 100%
branch 68 taken 100%
branch 69 taken 0%
call   70 never executed
call   71 never executed
call   72 never executed
call   73 never executed
        2:   44:    fill(begin(x), end(x), 4);
call    0 returned 100%
call    1 returned 100%
call    2 returned 100%
branch  3 taken 100% (fallthrough)
branch  4 taken 0% (throw)
call    5 returned 100%
branch  6 taken 100% (fallthrough)
branch  7 taken 0% (throw)
call    8 returned 100%
branch  9 taken 100% (fallthrough)
branch 10 taken 0% (throw)
call   11 returned 100%
branch 12 taken 100% (fallthrough)
branch 13 taken 0% (throw)
        2:   45:    ASSERT_TRUE(equal(begin(x), end(x), begin({4, 4, 4})));}
call    0 returned 100%
call    1 returned 100%
call    2 returned 100%
call    3 returned 100%
branch  4 taken 100% (fallthrough)
branch  5 taken 0% (throw)
call    6 returned 100%
branch  7 taken 100% (fallthrough)
branch  8 taken 0% (throw)
call    9 returned 100%
branch 10 taken 0% (fallthrough)
branch 11 taken 100%
call   12 never executed
branch 13 never executed
branch 14 never executed
call   15 never executed
branch 16 never executed
branch 17 never executed
call   18 never executed
call   19 never executed
branch 20 never executed
branch 21 never executed
call   22 never executed
branch 23 never executed
branch 24 never executed
call   25 never executed
call   26 never executed
call   27 never executed
call   28 returned 100%
branch 29 taken 100%
branch 30 taken 0%
call   31 returned 100%
branch 32 taken 100%
branch 33 taken 0%
call   34 never executed
call   35 never executed
call   36 never executed
call   37 never executed
call   38 returned 100%
call   39 returned 100%
branch 40 taken 100% (fallthrough)
branch 41 taken 0% (throw)
call   42 returned 100%
branch 43 taken 100% (fallthrough)
branch 44 taken 0% (throw)
call   45 returned 100%
branch 46 taken 100% (fallthrough)
branch 47 taken 0% (throw)
call   48 returned 100%
branch 49 taken 100% (fallthrough)
branch 50 taken 0% (throw)
call   51 returned 100%
branch 52 taken 0% (fallthrough)
branch 53 taken 100%
call   54 never executed
branch 55 never executed
branch 56 never executed
call   57 never executed
branch 58 never executed
branch 59 never executed
call   60 never executed
call   61 never executed
branch 62 never executed
branch 63 never executed
call   64 never executed
branch 65 never executed
branch 66 never executed
call   67 never executed
call   68 never executed
call   69 never executed
call   70 returned 100%
branch 71 taken 100%
branch 72 taken 0%
call   73 returned 100%
branch 74 taken 100%
branch 75 taken 0%
call   76 never executed
call   77 never executed
call   78 never executed
call   79 never executed
        -:   46:
function _ZN25VectorFixture_test_3_TestISt6vectorIiSaIiEEE8TestBodyEv called 1 returned 100% blocks executed 40%
function _ZN25VectorFixture_test_3_TestI9my_vectorIiEE8TestBodyEv called 1 returned 100% blocks executed 39%
function _ZN25VectorFixture_test_3_TestISt6vectorIiSaIiEEED0Ev called 1 returned 100% blocks executed 100%
function _ZN25VectorFixture_test_3_TestISt6vectorIiSaIiEEED2Ev called 1 returned 100% blocks executed 75%
function _ZN25VectorFixture_test_3_TestI9my_vectorIiEED0Ev called 1 returned 100% blocks executed 100%
function _ZN25VectorFixture_test_3_TestI9my_vectorIiEED2Ev called 1 returned 100% blocks executed 75%
function _ZN25VectorFixture_test_3_TestISt6vectorIiSaIiEEEC2Ev called 1 returned 100% blocks executed 100%
function _ZN25VectorFixture_test_3_TestI9my_vectorIiEEC2Ev called 1 returned 100% blocks executed 100%
        9:   47:TYPED_TEST(VectorFixture, test_3) {
call    0 returned 100%
call    1 returned 100%
call    2 returned 100%
branch  3 taken 0% (fallthrough)
branch  4 taken 100%
call    5 never executed
call    6 returned 100%
call    7 returned 100%
call    8 returned 100%
branch  9 taken 0% (fallthrough)
branch 10 taken 100%
call   11 never executed
call   12 returned 100%
call   13 returned 100%
call   14 returned 100%
        -:   48:    using vector_type = typename TestFixture::vector_type;
        -:   49:
        4:   50:    const vector_type x(3, 2);
call    0 returned 100%
call    1 returned 100%
branch  2 taken 100% (fallthrough)
branch  3 taken 0% (throw)
call    4 returned 100%
call    5 never executed
call    6 never executed
call    7 returned 100%
branch  8 taken 100% (fallthrough)
branch  9 taken 0% (throw)
call   10 never executed
        2:   51:    ASSERT_EQ(3, x.size());
call    0 returned 100%
call    1 returned 100%
branch  2 taken 100% (fallthrough)
branch  3 taken 0% (throw)
call    4 returned 100%
branch  5 taken 0% (fallthrough)
branch  6 taken 100%
call    7 never executed
branch  8 never executed
branch  9 never executed
call   10 never executed
branch 11 never executed
branch 12 never executed
call   13 never executed
branch 14 never executed
branch 15 never executed
call   16 never executed
branch 17 never executed
branch 18 never executed
call   19 never executed
call   20 never executed
call   21 returned 100%
branch 22 taken 100%
branch 23 taken 0%
call   24 never executed
call   25 never executed
call   26 never executed
call   27 returned 100%
call   28 returned 100%
branch 29 taken 100% (fallthrough)
branch 30 taken 0% (throw)
call   31 returned 100%
branch 32 taken 0% (fallthrough)
branch 33 taken 100%
call   34 never executed
branch 35 never executed
branch 36 never executed
call   37 never executed
branch 38 never executed
branch 39 never executed
call   40 never executed
branch 41 never executed
branch 42 never executed
call   43 never executed
branch 44 never executed
branch 45 never executed
call   46 never executed
call   47 never executed
call   48 returned 100%
branch 49 taken 100%
branch 50 taken 0%
call   51 never executed
call   52 never executed
call   53 never executed
        2:   52:    ASSERT_TRUE(equal(begin(x), end(x), begin({2, 2, 2})));
call    0 returned 100%
call    1 returned 100%
call    2 returned 100%
call    3 returned 100%
branch  4 taken 100% (fallthrough)
branch  5 taken 0% (throw)
call    6 returned 100%
branch  7 taken 100% (fallthrough)
branch  8 taken 0% (throw)
call    9 returned 100%
branch 10 taken 0% (fallthrough)
branch 11 taken 100%
call   12 never executed
branch 13 never executed
branch 14 never executed
call   15 never executed
branch 16 never executed
branch 17 never executed
call   18 never executed
call   19 never executed
branch 20 never executed
branch 21 never executed
call   22 never executed
branch 23 never executed
branch 24 never executed
call   25 never executed
call   26 never executed
call   27 never executed
call   28 returned 100%
branch 29 taken 100%
branch 30 taken 0%
call   31 never executed
call   32 never executed
call   33 never executed
call   34 never executed
call   35 returned 100%
call   36 returned 100%
branch 37 taken 100% (fallthrough)
branch 38 taken 0% (throw)
call   39 returned 100%
branch 40 taken 100% (fallthrough)
branch 41 taken 0% (throw)
call   42 returned 100%
branch 43 taken 100% (fallthrough)
branch 44 taken 0% (throw)
call   45 returned 100%
branch 46 taken 100% (fallthrough)
branch 47 taken 0% (throw)
call   48 returned 100%
branch 49 taken 0% (fallthrough)
branch 50 taken 100%
call   51 never executed
branch 52 never executed
branch 53 never executed
call   54 never executed
branch 55 never executed
branch 56 never executed
call   57 never executed
call   58 never executed
branch 59 never executed
branch 60 never executed
call   61 never executed
branch 62 never executed
branch 63 never executed
call   64 never executed
call   65 never executed
call   66 never executed
call   67 returned 100%
branch 68 taken 100%
branch 69 taken 0%
call   70 never executed
call   71 never executed
call   72 never executed
call   73 never executed
        2:   53:    ASSERT_EQ(2, x[1]);
call    0 returned 100%
call    1 returned 100%
branch  2 taken 100% (fallthrough)
branch  3 taken 0% (throw)
call    4 returned 100%
branch  5 taken 0% (fallthrough)
branch  6 taken 100%
call    7 never executed
branch  8 never executed
branch  9 never executed
call   10 never executed
branch 11 never executed
branch 12 never executed
call   13 never executed
branch 14 never executed
branch 15 never executed
call   16 never executed
branch 17 never executed
branch 18 never executed
call   19 never executed
call   20 never executed
call   21 returned 100%
branch 22 taken 100%
branch 23 taken 0%
call   24 never executed
call   25 never executed
call   26 never executed
call   27 returned 100%
branch 28 taken 100% (fallthrough)
branch 29 taken 0% (throw)
call   30 returned 100%
branch 31 taken 100% (fallthrough)
branch 32 taken 0% (throw)
call   33 returned 100%
branch 34 taken 0% (fallthrough)
branch 35 taken 100%
call   36 never executed
branch 37 never executed
branch 38 never executed
call   39 never executed
branch 40 never executed
branch 41 never executed
call   42 never executed
branch 43 never executed
branch 44 never executed
call   45 never executed
branch 46 never executed
branch 47 never executed
call   48 never executed
call   49 never executed
call   50 returned 100%
branch 51 taken 100%
branch 52 taken 0%
call   53 never executed
call   54 never executed
call   55 never executed
        -:   54:    // x[1] = 3;                                            // error: cannot assign to return value because function 'operator[]' returns a const value
        4:   55:    const vector_type y(6, 2);
call    0 returned 100%
call    1 returned 100%
branch  2 taken 100% (fallthrough)
branch  3 taken 0% (throw)
call    4 returned 100%
call    5 returned 100%
branch  6 taken 100%
branch  7 taken 0%
call    8 never executed
call    9 never executed
call   10 returned 100%
branch 11 taken 100% (fallthrough)
branch 12 taken 0% (throw)
call   13 returned 100%
branch 14 taken 100%
branch 15 taken 0%
call   16 never executed
        2:   56:    ASSERT_TRUE(equal(begin(x), end(x), begin(y)));}
call    0 returned 100%
call    1 returned 100%
call    2 returned 100%
call    3 returned 100%
branch  4 taken 100% (fallthrough)
branch  5 taken 0% (throw)
call    6 returned 100%
branch  7 taken 100% (fallthrough)
branch  8 taken 0% (throw)
call    9 returned 100%
branch 10 taken 0% (fallthrough)
branch 11 taken 100%
call   12 never executed
branch 13 never executed
branch 14 never executed
call   15 never executed
branch 16 never executed
branch 17 never executed
call   18 never executed
call   19 never executed
branch 20 never executed
branch 21 never executed
call   22 never executed
branch 23 never executed
branch 24 never executed
call   25 never executed
call   26 never executed
call   27 never executed
call   28 returned 100%
branch 29 taken 100%
branch 30 taken 0%
call   31 returned 100%
branch 32 taken 100%
branch 33 taken 0%
call   34 never executed
call   35 never executed
call   36 never executed
call   37 never executed
call   38 returned 100%
branch 39 taken 100% (fallthrough)
branch 40 taken 0% (throw)
call   41 returned 100%
branch 42 taken 100% (fallthrough)
branch 43 taken 0% (throw)
call   44 returned 100%
branch 45 taken 100% (fallthrough)
branch 46 taken 0% (throw)
call   47 returned 100%
branch 48 taken 100% (fallthrough)
branch 49 taken 0% (throw)
call   50 returned 100%
branch 51 taken 100% (fallthrough)
branch 52 taken 0% (throw)
call   53 returned 100%
branch 54 taken 0% (fallthrough)
branch 55 taken 100%
call   56 never executed
branch 57 never executed
branch 58 never executed
call   59 never executed
branch 60 never executed
branch 61 never executed
call   62 never executed
call   63 never executed
branch 64 never executed
branch 65 never executed
call   66 never executed
branch 67 never executed
branch 68 never executed
call   69 never executed
call   70 never executed
call   71 never executed
call   72 returned 100%
branch 73 taken 100%
branch 74 taken 0%
call   75 returned 100%
branch 76 taken 100%
branch 77 taken 0%
call   78 never executed
call   79 never executed
call   80 never executed
call   81 never executed
        -:   57:
function _ZN25VectorFixture_test_4_TestISt6vectorIiSaIiEEE8TestBodyEv called 1 returned 100% blocks executed 41%
function _ZN25VectorFixture_test_4_TestI9my_vectorIiEE8TestBodyEv called 1 returned 100% blocks executed 41%
function _ZN25VectorFixture_test_4_TestISt6vectorIiSaIiEEED0Ev called 1 returned 100% blocks executed 100%
function _ZN25VectorFixture_test_4_TestISt6vectorIiSaIiEEED2Ev called 1 returned 100% blocks executed 75%
function _ZN25VectorFixture_test_4_TestI9my_vectorIiEED0Ev called 1 returned 100% blocks executed 100%
function _ZN25VectorFixture_test_4_TestI9my_vectorIiEED2Ev called 1 returned 100% blocks executed 75%
function _ZN25VectorFixture_test_4_TestISt6vectorIiSaIiEEEC2Ev called 1 returned 100% blocks executed 100%
function _ZN25VectorFixture_test_4_TestI9my_vectorIiEEC2Ev called 1 returned 100% blocks executed 100%
        9:   58:TYPED_TEST(VectorFixture, test_4) {
call    0 returned 100%
call    1 returned 100%
call    2 returned 100%
branch  3 taken 0% (fallthrough)
branch  4 taken 100%
call    5 never executed
call    6 returned 100%
call    7 returned 100%
call    8 returned 100%
branch  9 taken 0% (fallthrough)
branch 10 taken 100%
call   11 never executed
call   12 returned 100%
call   13 returned 100%
call   14 returned 100%
        -:   59:    using vector_type = typename TestFixture::vector_type;
        -:   60:
        4:   61:    const vector_type x{2, 3, 4};
call    0 returned 100%
call    1 returned 100%
branch  2 taken 100% (fallthrough)
branch  3 taken 0% (throw)
call    4 returned 100%
call    5 never executed
call    6 never executed
call    7 returned 100%
branch  8 taken 100% (fallthrough)
branch  9 taken 0% (throw)
call   10 never executed
        2:   62:    ASSERT_EQ(3, x.size());
call    0 returned 100%
call    1 returned 100%
branch  2 taken 100% (fallthrough)
branch  3 taken 0% (throw)
call    4 returned 100%
branch  5 taken 0% (fallthrough)
branch  6 taken 100%
call    7 never executed
branch  8 never executed
branch  9 never executed
call   10 never executed
branch 11 never executed
branch 12 never executed
call   13 never executed
branch 14 never executed
branch 15 never executed
call   16 never executed
branch 17 never executed
branch 18 never executed
call   19 never executed
call   20 never executed
call   21 returned 100%
branch 22 taken 100%
branch 23 taken 0%
call   24 never executed
call   25 never executed
call   26 never executed
call   27 returned 100%
call   28 returned 100%
branch 29 taken 100% (fallthrough)
branch 30 taken 0% (throw)
call   31 returned 100%
branch 32 taken 0% (fallthrough)
branch 33 taken 100%
call   34 never executed
branch 35 never executed
branch 36 never executed
call   37 never executed
branch 38 never executed
branch 39 never executed
call   40 never executed
branch 41 never executed
branch 42 never executed
call   43 never executed
branch 44 never executed
branch 45 never executed
call   46 never executed
call   47 never executed
call   48 returned 100%
branch 49 taken 100%
branch 50 taken 0%
call   51 never executed
call   52 never executed
call   53 never executed
function _GLOBAL__sub_I_gtest_VectorFixture_test_1_registered_ called 1 returned 100% blocks executed 100%
function _Z41__static_initialization_and_destruction_0ii called 1 returned 100% blocks executed 100%
        5:   63:    ASSERT_TRUE(equal(begin(x), end(x), begin({2, 3, 4})));}
call    0 returned 100%
call    1 returned 100%
call    2 returned 100%
call    3 returned 100%
call    4 returned 100%
branch  5 taken 100% (fallthrough)
branch  6 taken 0% (throw)
call    7 returned 100%
branch  8 taken 100% (fallthrough)
branch  9 taken 0% (throw)
call   10 returned 100%
branch 11 taken 0% (fallthrough)
branch 12 taken 100%
call   13 never executed
branch 14 never executed
branch 15 never executed
call   16 never executed
branch 17 never executed
branch 18 never executed
call   19 never executed
call   20 never executed
branch 21 never executed
branch 22 never executed
call   23 never executed
branch 24 never executed
branch 25 never executed
call   26 never executed
call   27 never executed
call   28 never executed
call   29 returned 100%
branch 30 taken 100%
branch 31 taken 0%
call   32 returned 100%
branch 33 taken 100%
branch 34 taken 0%
call   35 never executed
call   36 never executed
call   37 never executed
call   38 never executed
call   39 returned 100%
call   40 returned 100%
branch 41 taken 100% (fallthrough)
branch 42 taken 0% (throw)
call   43 returned 100%
branch 44 taken 100% (fallthrough)
branch 45 taken 0% (throw)
call   46 returned 100%
branch 47 taken 100% (fallthrough)
branch 48 taken 0% (throw)
call   49 returned 100%
branch 50 taken 100% (fallthrough)
branch 51 taken 0% (throw)
call   52 returned 100%
branch 53 taken 0% (fallthrough)
branch 54 taken 100%
call   55 never executed
branch 56 never executed
branch 57 never executed
call   58 never executed
branch 59 never executed
branch 60 never executed
call   61 never executed
call   62 never executed
branch 63 never executed
branch 64 never executed
call   65 never executed
branch 66 never executed
branch 67 never executed
call   68 never executed
call   69 never executed
call   70 never executed
call   71 returned 100%
branch 72 taken 100%
branch 73 taken 0%
call   74 returned 100%
branch 75 taken 100%
branch 76 taken 0%
call   77 never executed
call   78 never executed
call   79 never executed
call   80 never executed
branch 81 taken 100% (fallthrough)
branch 82 taken 0%
branch 83 taken 100% (fallthrough)
branch 84 taken 0%
