        -:    0:Source:Coverage3.c++
        -:    0:Graph:Coverage3.gcno
        -:    0:Data:Coverage3.gcda
        -:    0:Runs:1
        -:    0:Programs:1
        -:    1:// -------------
        -:    2:// Coverage3.c++
        -:    3:// -------------
        -:    4:
        -:    5:// http://gcc.gnu.org/onlinedocs/gcc/Gcov.html
        -:    6:
        -:    7:#include <cassert>  // assert
        -:    8:#include <iostream> // cout, endl
        -:    9:
        -:   10:#include "gtest/gtest.h"
        -:   11:
function _Z12cycle_lengthi called 1 returned 100% blocks executed 83%
        1:   12:int cycle_length (int n) {
        1:   13:    assert(n > 0);
branch  0 taken 0% (fallthrough)
branch  1 taken 100%
call    2 never executed
        1:   14:    int c = 1;
       15:   15:    while (n > 1) {
branch  0 taken 88% (fallthrough)
branch  1 taken 13%
        7:   16:        if ((n % 2) == 0)
branch  0 taken 71% (fallthrough)
branch  1 taken 29%
        5:   17:            n = (n / 2);
        -:   18:        else
        2:   19:            n = (3 * n) + 1;
        7:   20:        ++c;}
        1:   21:    assert(c > 0);
branch  0 taken 0% (fallthrough)
branch  1 taken 100%
call    2 never executed
        1:   22:    return c;}
        -:   23:
function _ZN25CoverageFixture_test_TestD0Ev called 1 returned 100% blocks executed 100%
function _ZN25CoverageFixture_test_TestD2Ev called 1 returned 100% blocks executed 75%
function _ZN25CoverageFixture_test_Test8TestBodyEv called 1 returned 100% blocks executed 41%
function _ZN25CoverageFixture_test_TestC2Ev called 1 returned 100% blocks executed 100%
        5:   24:TEST(CoverageFixture, test) {
call    0 returned 100%
call    1 returned 100%
call    2 returned 100%
call    3 returned 100%
call    4 returned 100%
call    5 returned 100%
call    6 returned 100%
branch  7 taken 0% (fallthrough)
branch  8 taken 100%
call    9 never executed
call   10 returned 100%
function _GLOBAL__sub_I__Z12cycle_lengthi called 1 returned 100% blocks executed 100%
function _Z41__static_initialization_and_destruction_0ii called 1 returned 100% blocks executed 100%
        4:   25:    ASSERT_EQ(cycle_length(3), 8);}
call    0 returned 100%
branch  1 taken 100% (fallthrough)
branch  2 taken 0%
branch  3 taken 100% (fallthrough)
branch  4 taken 0%
call    5 returned 100%
call    6 returned 100%
branch  7 taken 100% (fallthrough)
branch  8 taken 0% (throw)
call    9 returned 100%
branch 10 taken 0% (fallthrough)
branch 11 taken 100%
call   12 never executed
branch 13 never executed
branch 14 never executed
call   15 never executed
branch 16 never executed
branch 17 never executed
call   18 never executed
branch 19 never executed
branch 20 never executed
call   21 never executed
branch 22 never executed
branch 23 never executed
call   24 never executed
call   25 never executed
call   26 returned 100%
branch 27 taken 100%
branch 28 taken 0%
call   29 never executed
call   30 never executed
call   31 never executed
        -:   26:
        -:   27:/*
        -:   28:% g++ -fprofile-arcs -ftest-coverage -pedantic -std=c++11 -Wall Coverage3.c++ -o Coverage3 -lgtest -lgtest_main -pthread
        -:   29:
        -:   30:
        -:   31:
        -:   32:% Coverage3
        -:   33:Running main() from gtest_main.cc
        -:   34:[==========] Running 1 test from 1 test case.
        -:   35:[----------] Global test environment set-up.
        -:   36:[----------] 1 test from CoverageFixture
        -:   37:[ RUN      ] CoverageFixture.test
        -:   38:[       OK ] CoverageFixture.test (0 ms)
        -:   39:[----------] 1 test from CoverageFixture (0 ms total)
        -:   40:
        -:   41:[----------] Global test environment tear-down
        -:   42:[==========] 1 test from 1 test case ran. (0 ms total)
        -:   43:[  PASSED  ] 1 test.
        -:   44:
        -:   45:
        -:   46:
        -:   47:% gcov-4.8 -b Coverage3.c++ | grep -A 5 "File 'Coverage3.c++'"
        -:   48:File 'Coverage3.c++'
        -:   49:Lines executed:100.00% of 12
        -:   50:Branches executed:71.43% of 28
        -:   51:Taken at least once:42.86% of 28
        -:   52:Calls executed:52.00% of 25
        -:   53:Creating 'Coverage3.c++.gcov'
        -:   54:*/
